<<<<<<< HEAD
[2018-05-25 18:43:23,891][draw][10048][INFO][__init__():32]## 实例化draw
[2018-05-25 18:43:24,453][draw][10048][INFO][createCombobox():54]## 创建调参栏
[2018-05-25 18:43:24,485][draw][10048][INFO][creatCanvas():92]## 创建三块画板
[2018-05-25 18:43:24,766][draw][10048][INFO][compare():133]## 比较Linux和Web
[2018-05-25 18:43:24,781][dataoptions][10048][INFO][compress():141]## 比较Linux和Web
[2018-05-25 18:43:24,781][dataoptions][10048][INFO][cityOfJob():103]## 统计Linux的城市分布信息
[2018-05-25 18:43:24,781][dataoptions][10048][INFO][cityOfJob():103]## 统计Web的城市分布信息
[2018-05-25 18:43:25,156][draw][10048][INFO][reDraw():279]## 重绘
[2018-05-25 18:43:25,156][draw][10048][INFO][allJobs_pie():264]## 绘制职位信息概总饼图
[2018-05-25 18:43:25,156][dataoptions][10048][INFO][getAllJobNum():107]## 统计所有职位量
[2018-05-25 18:43:25,375][draw][10048][INFO][allCity_pie():249]## 绘制城市职位概总饼图
[2018-05-25 18:43:25,375][dataoptions][10048][INFO][getJobInCity():94]## 统计所有职位分布
[2018-05-25 18:43:25,547][draw][10048][INFO][show():292]## Nothing
[2018-05-25 18:43:34,656][draw][10048][INFO][reDraw():279]## 重绘
[2018-05-25 18:43:34,656][draw][10048][INFO][cityCountOfjob():193]## 绘制区块链的招聘情况柱状图
[2018-05-25 18:43:34,656][dataoptions][10048][INFO][cityOfJob():103]## 统计区块链的城市分布信息
[2018-05-25 18:43:34,860][draw][10048][INFO][cityCountOfjob_pie():207]## 绘制区块链的城市分布饼图
[2018-05-25 18:43:34,860][dataoptions][10048][INFO][cityOfJob():103]## 统计区块链的城市分布信息
[2018-05-25 18:43:46,110][draw][10048][INFO][reDraw():279]## 重绘
[2018-05-25 18:43:54,265][draw][10048][INFO][cityCountOfjob():193]## 绘制大数据的招聘情况柱状图
[2018-05-25 18:43:54,280][dataoptions][10048][INFO][cityOfJob():103]## 统计大数据的城市分布信息
[2018-05-25 18:43:54,484][draw][10048][INFO][cityCountOfjob_pie():207]## 绘制大数据的城市分布饼图
[2018-05-25 18:43:54,484][dataoptions][10048][INFO][cityOfJob():103]## 统计大数据的城市分布信息
[2018-05-25 18:44:01,939][draw][10048][INFO][reDraw():279]## 重绘
[2018-05-25 18:44:01,939][draw][10048][INFO][cityCountOfjob():193]## 绘制C#的招聘情况柱状图
[2018-05-25 18:44:01,939][dataoptions][10048][INFO][cityOfJob():103]## 统计C#的城市分布信息
[2018-05-25 18:44:02,142][draw][10048][INFO][cityCountOfjob_pie():207]## 绘制C#的城市分布饼图
[2018-05-25 18:44:02,142][dataoptions][10048][INFO][cityOfJob():103]## 统计C#的城市分布信息
[2018-05-25 18:44:04,907][draw][10048][INFO][reDraw():279]## 重绘
[2018-05-25 18:44:04,907][draw][10048][INFO][cityCountOfjob():193]## 绘制Web的招聘情况柱状图
[2018-05-25 18:44:04,907][dataoptions][10048][INFO][cityOfJob():103]## 统计Web的城市分布信息
[2018-05-25 18:44:05,095][draw][10048][INFO][cityCountOfjob_pie():207]## 绘制Web的城市分布饼图
[2018-05-25 18:44:05,095][dataoptions][10048][INFO][cityOfJob():103]## 统计Web的城市分布信息
[2018-05-25 18:44:07,095][draw][10048][INFO][reDraw():279]## 重绘
[2018-05-25 18:44:07,095][draw][10048][INFO][cityCountOfjob():193]## 绘制C#的招聘情况柱状图
[2018-05-25 18:44:07,095][dataoptions][10048][INFO][cityOfJob():103]## 统计C#的城市分布信息
[2018-05-25 18:44:07,298][draw][10048][INFO][cityCountOfjob_pie():207]## 绘制C#的城市分布饼图
[2018-05-25 18:44:07,298][dataoptions][10048][INFO][cityOfJob():103]## 统计C#的城市分布信息
[2018-05-25 18:44:09,095][draw][10048][INFO][compare():133]## 比较Linux和Linux
[2018-05-25 18:44:09,095][dataoptions][10048][INFO][compress():141]## 比较Linux和Linux
[2018-05-25 18:44:09,095][dataoptions][10048][INFO][cityOfJob():103]## 统计Linux的城市分布信息
[2018-05-25 18:44:09,095][dataoptions][10048][INFO][cityOfJob():103]## 统计Linux的城市分布信息
[2018-05-25 18:44:15,204][draw][10048][INFO][compare():133]## 比较数据库和Linux
[2018-05-25 18:44:15,204][dataoptions][10048][INFO][compress():141]## 比较数据库和Linux
[2018-05-25 18:44:15,204][dataoptions][10048][INFO][cityOfJob():103]## 统计数据库的城市分布信息
[2018-05-25 18:44:15,204][dataoptions][10048][INFO][cityOfJob():103]## 统计Linux的城市分布信息
[2018-05-25 18:53:45,995][draw][8980][INFO][__init__():32]## 实例化draw
[2018-05-25 18:53:46,870][draw][8980][INFO][createCombobox():54]## 创建调参栏
[2018-05-25 18:53:46,917][draw][8980][INFO][creatCanvas():92]## 创建三块画板
[2018-05-25 18:53:47,261][draw][8980][INFO][compare():133]## 比较Linux和Web
[2018-05-25 18:53:47,261][dataoptions][8980][INFO][compress():141]## 比较Linux和Web
[2018-05-25 18:53:47,261][dataoptions][8980][INFO][cityOfJob():103]## 统计Linux的城市分布信息
[2018-05-25 18:53:47,261][dataoptions][8980][INFO][cityOfJob():103]## 统计Web的城市分布信息
[2018-05-25 18:53:47,792][draw][8980][INFO][reDraw():279]## 重绘
[2018-05-25 18:53:47,792][draw][8980][INFO][allJobs_pie():264]## 绘制职位信息概总饼图
[2018-05-25 18:53:47,792][dataoptions][8980][INFO][getAllJobNum():107]## 统计所有职位量
[2018-05-25 18:53:47,933][draw][8980][INFO][allCity_pie():249]## 绘制城市职位概总饼图
[2018-05-25 18:53:47,933][dataoptions][8980][INFO][getJobInCity():94]## 统计所有职位分布
[2018-05-25 18:53:48,105][draw][8980][INFO][show():292]## Nothing
[2018-05-25 18:53:57,339][draw][8980][INFO][reDraw():279]## 重绘
[2018-05-25 18:53:57,339][draw][8980][INFO][cityCountOfjob():193]## 绘制区块链的招聘情况柱状图
[2018-05-25 18:53:57,339][dataoptions][8980][INFO][cityOfJob():103]## 统计区块链的城市分布信息
[2018-05-25 18:53:57,589][draw][8980][INFO][cityCountOfjob_pie():207]## 绘制区块链的城市分布饼图
[2018-05-25 18:53:57,589][dataoptions][8980][INFO][cityOfJob():103]## 统计区块链的城市分布信息
[2018-05-25 18:54:08,480][draw][8980][INFO][reDraw():279]## 重绘
[2018-05-25 18:54:08,480][draw][8980][INFO][cityCountOfjob():193]## 绘制大数据的招聘情况柱状图
[2018-05-25 18:54:08,480][dataoptions][8980][INFO][cityOfJob():103]## 统计大数据的城市分布信息
[2018-05-25 18:54:08,698][draw][8980][INFO][cityCountOfjob_pie():207]## 绘制大数据的城市分布饼图
[2018-05-25 18:54:08,698][dataoptions][8980][INFO][cityOfJob():103]## 统计大数据的城市分布信息
[2018-05-25 18:54:20,183][draw][8980][INFO][compare():133]## 比较Web和Web
[2018-05-25 18:54:20,183][dataoptions][8980][INFO][compress():141]## 比较Web和Web
[2018-05-25 18:54:20,183][dataoptions][8980][INFO][cityOfJob():103]## 统计Web的城市分布信息
[2018-05-25 18:54:20,183][dataoptions][8980][INFO][cityOfJob():103]## 统计Web的城市分布信息
[2018-05-25 18:54:27,339][draw][8980][INFO][compare():133]## 比较Web和HTML5
[2018-05-25 18:54:27,339][dataoptions][8980][INFO][compress():141]## 比较Web和HTML5
[2018-05-25 18:54:27,339][dataoptions][8980][INFO][cityOfJob():103]## 统计Web的城市分布信息
[2018-05-25 18:54:27,339][dataoptions][8980][INFO][cityOfJob():103]## 统计HTML5的城市分布信息
[2018-05-25 18:54:34,214][draw][8980][INFO][reDraw():279]## 重绘
[2018-05-25 18:54:34,214][draw][8980][INFO][cityCountOfjob():193]## 绘制Web的招聘情况柱状图
[2018-05-25 18:54:34,214][dataoptions][8980][INFO][cityOfJob():103]## 统计Web的城市分布信息
[2018-05-25 18:54:34,480][draw][8980][INFO][cityCountOfjob_pie():207]## 绘制Web的城市分布饼图
[2018-05-25 18:54:34,480][dataoptions][8980][INFO][cityOfJob():103]## 统计Web的城市分布信息
[2018-05-25 18:58:01,411][draw][5248][INFO][__init__():32]## 实例化draw
[2018-05-25 18:58:02,052][draw][5248][INFO][createCombobox():54]## 创建调参栏
[2018-05-25 18:58:02,115][draw][5248][INFO][creatCanvas():92]## 创建三块画板
[2018-05-25 18:58:02,411][draw][5248][INFO][compare():133]## 比较Linux和Web
[2018-05-25 18:58:02,411][dataoptions][5248][INFO][compress():141]## 比较Linux和Web
[2018-05-25 18:58:02,427][dataoptions][5248][INFO][cityOfJob():103]## 统计Linux的城市分布信息
[2018-05-25 18:58:02,427][dataoptions][5248][INFO][cityOfJob():103]## 统计Web的城市分布信息
[2018-05-25 18:58:02,786][draw][5248][INFO][reDraw():279]## 重绘
[2018-05-25 18:58:02,786][draw][5248][INFO][allJobs_pie():264]## 绘制职位信息概总饼图
[2018-05-25 18:58:02,786][dataoptions][5248][INFO][getAllJobNum():107]## 统计所有职位量
[2018-05-25 18:58:02,943][draw][5248][INFO][allCity_pie():249]## 绘制城市职位概总饼图
[2018-05-25 18:58:02,943][dataoptions][5248][INFO][getJobInCity():94]## 统计所有职位分布
[2018-05-25 18:58:03,099][draw][5248][INFO][show():292]## Nothing
[2018-05-25 18:58:08,802][draw][5248][INFO][reDraw():279]## 重绘
[2018-05-25 18:58:08,802][draw][5248][INFO][cityCountOfjob():193]## 绘制大数据的招聘情况柱状图
[2018-05-25 18:58:08,802][dataoptions][5248][INFO][cityOfJob():103]## 统计大数据的城市分布信息
[2018-05-25 18:58:09,005][draw][5248][INFO][cityCountOfjob_pie():207]## 绘制大数据的城市分布饼图
[2018-05-25 18:58:09,005][dataoptions][5248][INFO][cityOfJob():103]## 统计大数据的城市分布信息
[2018-05-25 18:58:14,729][draw][5248][INFO][reDraw():279]## 重绘
[2018-05-25 18:58:14,729][draw][5248][INFO][cityCountOfjob():193]## 绘制Java的招聘情况柱状图
[2018-05-25 18:58:14,745][dataoptions][5248][INFO][cityOfJob():103]## 统计Java的城市分布信息
[2018-05-25 18:58:14,979][draw][5248][INFO][cityCountOfjob_pie():207]## 绘制Java的城市分布饼图
[2018-05-25 18:58:14,979][dataoptions][5248][INFO][cityOfJob():103]## 统计Java的城市分布信息
[2018-05-25 18:58:16,636][draw][5248][INFO][reDraw():279]## 重绘
[2018-05-25 18:58:16,636][draw][5248][INFO][cityCountOfjob():193]## 绘制Linux的招聘情况柱状图
[2018-05-25 18:58:16,636][dataoptions][5248][INFO][cityOfJob():103]## 统计Linux的城市分布信息
[2018-05-25 18:58:16,839][draw][5248][INFO][cityCountOfjob_pie():207]## 绘制Linux的城市分布饼图
[2018-05-25 18:58:16,839][dataoptions][5248][INFO][cityOfJob():103]## 统计Linux的城市分布信息
[2018-05-25 18:58:20,120][draw][5248][INFO][reDraw():279]## 重绘
[2018-05-25 18:58:20,120][draw][5248][INFO][cityCountOfjob():193]## 绘制Linux的招聘情况柱状图
[2018-05-25 18:58:20,120][dataoptions][5248][INFO][cityOfJob():103]## 统计Linux的城市分布信息
[2018-05-25 18:58:20,323][draw][5248][INFO][cityCountOfjob_pie():207]## 绘制Linux的城市分布饼图
[2018-05-25 18:58:20,323][dataoptions][5248][INFO][cityOfJob():103]## 统计Linux的城市分布信息
[2018-05-25 18:58:22,245][draw][5248][INFO][compare():133]## 比较数据库和Web
[2018-05-25 18:58:22,245][dataoptions][5248][INFO][compress():141]## 比较数据库和Web
[2018-05-25 18:58:22,245][dataoptions][5248][INFO][cityOfJob():103]## 统计数据库的城市分布信息
[2018-05-25 18:58:22,261][dataoptions][5248][INFO][cityOfJob():103]## 统计Web的城市分布信息
[2018-05-25 18:58:24,386][draw][5248][INFO][compare():133]## 比较数据库和C/C++
[2018-05-25 18:58:24,386][dataoptions][5248][INFO][compress():141]## 比较数据库和C/C++
[2018-05-25 18:58:24,386][dataoptions][5248][INFO][cityOfJob():103]## 统计数据库的城市分布信息
[2018-05-25 18:58:24,386][dataoptions][5248][INFO][cityOfJob():103]## 统计C/C++的城市分布信息
[2018-05-25 18:58:26,499][draw][5248][INFO][compare():133]## 比较数据库和C#
[2018-05-25 18:58:26,514][dataoptions][5248][INFO][compress():141]## 比较数据库和C#
[2018-05-25 18:58:26,514][dataoptions][5248][INFO][cityOfJob():103]## 统计数据库的城市分布信息
[2018-05-25 18:58:26,530][dataoptions][5248][INFO][cityOfJob():103]## 统计C#的城市分布信息
[2018-05-25 18:58:28,952][draw][5248][INFO][compare():133]## 比较Linux和C#
[2018-05-25 18:58:28,952][dataoptions][5248][INFO][compress():141]## 比较Linux和C#
[2018-05-25 18:58:28,952][dataoptions][5248][INFO][cityOfJob():103]## 统计Linux的城市分布信息
[2018-05-25 18:58:28,967][dataoptions][5248][INFO][cityOfJob():103]## 统计C#的城市分布信息
[2018-05-25 18:58:31,124][draw][5248][INFO][compare():133]## 比较C#和C#
[2018-05-25 18:58:31,139][dataoptions][5248][INFO][compress():141]## 比较C#和C#
[2018-05-25 18:58:31,139][dataoptions][5248][INFO][cityOfJob():103]## 统计C#的城市分布信息
[2018-05-25 18:58:31,139][dataoptions][5248][INFO][cityOfJob():103]## 统计C#的城市分布信息
[2018-05-25 18:58:32,686][draw][5248][INFO][compare():133]## 比较C#和区块链
[2018-05-25 18:58:32,686][dataoptions][5248][INFO][compress():141]## 比较C#和区块链
[2018-05-25 18:58:32,702][dataoptions][5248][INFO][cityOfJob():103]## 统计C#的城市分布信息
[2018-05-25 18:58:32,702][dataoptions][5248][INFO][cityOfJob():103]## 统计区块链的城市分布信息
[2018-05-25 19:00:11,237][draw][2484][INFO][__init__():32]## 实例化draw
[2018-05-25 19:00:11,971][draw][2484][INFO][createCombobox():54]## 创建调参栏
[2018-05-25 19:00:12,018][draw][2484][INFO][creatCanvas():92]## 创建三块画板
[2018-05-25 19:00:12,346][draw][2484][INFO][compare():133]## 比较Linux和Web
[2018-05-25 19:00:12,346][dataoptions][2484][INFO][compress():141]## 比较Linux和Web
[2018-05-25 19:00:12,346][dataoptions][2484][INFO][cityOfJob():103]## 统计Linux的城市分布信息
[2018-05-25 19:00:12,346][dataoptions][2484][INFO][cityOfJob():103]## 统计Web的城市分布信息
[2018-05-25 19:00:12,832][draw][2484][INFO][reDraw():279]## 重绘
[2018-05-25 19:00:12,832][draw][2484][INFO][allJobs_pie():264]## 绘制职位信息概总饼图
[2018-05-25 19:00:12,832][dataoptions][2484][INFO][getAllJobNum():107]## 统计所有职位量
[2018-05-25 19:00:13,006][draw][2484][INFO][allCity_pie():249]## 绘制城市职位概总饼图
[2018-05-25 19:00:13,006][dataoptions][2484][INFO][getJobInCity():94]## 统计所有职位分布
[2018-05-25 19:00:13,165][draw][2484][INFO][show():292]## Nothing
[2018-05-25 19:00:19,463][draw][2484][INFO][reDraw():279]## 重绘
[2018-05-25 19:00:19,463][draw][2484][INFO][cityCountOfjob():193]## 绘制Linux的招聘情况柱状图
[2018-05-25 19:00:19,463][dataoptions][2484][INFO][cityOfJob():103]## 统计Linux的城市分布信息
[2018-05-25 19:00:19,666][draw][2484][INFO][cityCountOfjob_pie():207]## 绘制Linux的城市分布饼图
[2018-05-25 19:00:19,666][dataoptions][2484][INFO][cityOfJob():103]## 统计Linux的城市分布信息
[2018-05-25 19:00:24,557][draw][2484][INFO][reDraw():279]## 重绘
[2018-05-25 19:00:24,557][draw][2484][INFO][cityCountOfjob():193]## 绘制大数据的招聘情况柱状图
[2018-05-25 19:00:24,557][dataoptions][2484][INFO][cityOfJob():103]## 统计大数据的城市分布信息
[2018-05-25 19:00:24,744][draw][2484][INFO][cityCountOfjob_pie():207]## 绘制大数据的城市分布饼图
[2018-05-25 19:00:24,744][dataoptions][2484][INFO][cityOfJob():103]## 统计大数据的城市分布信息
[2018-05-25 19:01:46,229][draw][2484][INFO][reDraw():279]## 重绘
[2018-05-25 19:01:46,229][draw][2484][INFO][cityCountOfjob():193]## 绘制数据库的招聘情况柱状图
[2018-05-25 19:01:46,229][dataoptions][2484][INFO][cityOfJob():103]## 统计数据库的城市分布信息
[2018-05-25 19:01:46,416][draw][2484][INFO][cityCountOfjob_pie():207]## 绘制数据库的城市分布饼图
[2018-05-25 19:01:46,416][dataoptions][2484][INFO][cityOfJob():103]## 统计数据库的城市分布信息
[2018-05-25 19:01:51,276][draw][2484][INFO][echoRadiobutton():109]## 回应单选按钮
[2018-05-25 19:01:51,276][draw][2484][INFO][allCity_pie():249]## 绘制城市职位概总饼图
[2018-05-25 19:01:51,276][dataoptions][2484][INFO][getJobInCity():94]## 统计所有职位分布
[2018-05-25 19:01:51,432][draw][2484][INFO][allJobs_pie():264]## 绘制职位信息概总饼图
[2018-05-25 19:01:51,432][dataoptions][2484][INFO][getAllJobNum():107]## 统计所有职位量
[2018-05-25 19:01:52,901][draw][2484][INFO][reDraw():279]## 重绘
[2018-05-25 19:01:52,901][draw][2484][INFO][jobsCountInCity():221]## 绘制深圳职位分布柱状图
[2018-05-25 19:01:52,901][dataoptions][2484][INFO][jobsInCity():137]## 统计深圳的招聘情况
[2018-05-25 19:01:53,088][draw][2484][INFO][jobsCountInCity_pie():234]## 绘制深圳职位信息饼图
[2018-05-25 19:01:53,088][dataoptions][2484][INFO][jobsInCity():137]## 统计深圳的招聘情况
[2018-05-25 19:06:32,916][draw][8648][INFO][__init__():32]## 实例化draw
[2018-05-25 19:06:33,479][draw][8648][INFO][createCombobox():54]## 创建调参栏
[2018-05-25 19:06:33,510][draw][8648][INFO][creatCanvas():92]## 创建三块画板
[2018-05-25 19:06:33,791][draw][8648][INFO][compare():133]## 比较Linux和Web
[2018-05-25 19:06:33,791][dataoptions][8648][INFO][compress():142]## 比较Linux和Web
[2018-05-25 19:06:33,791][dataoptions][8648][INFO][cityOfJob():104]## 统计Linux的城市分布信息
[2018-05-25 19:06:33,791][dataoptions][8648][INFO][cityOfJob():104]## 统计Web的城市分布信息
[2018-05-25 19:06:34,151][draw][8648][INFO][reDraw():279]## 重绘
[2018-05-25 19:06:34,151][draw][8648][INFO][allJobs_pie():264]## 绘制职位信息概总饼图
[2018-05-25 19:06:34,151][dataoptions][8648][INFO][getAllJobNum():108]## 统计所有职位量
[2018-05-25 19:06:34,291][draw][8648][INFO][allCity_pie():249]## 绘制城市职位概总饼图
[2018-05-25 19:06:34,291][dataoptions][8648][INFO][getJobInCity():95]## 统计所有职位分布
[2018-05-25 19:06:34,448][draw][8648][INFO][show():292]## Nothing
[2018-05-25 19:07:01,234][draw][9604][INFO][__init__():32]## 实例化draw
[2018-05-25 19:07:01,828][draw][9604][INFO][createCombobox():54]## 创建调参栏
[2018-05-25 19:07:01,859][draw][9604][INFO][creatCanvas():92]## 创建三块画板
[2018-05-25 19:07:02,156][draw][9604][INFO][compare():133]## 比较Linux和Web
[2018-05-25 19:07:02,156][dataoptions][9604][INFO][compress():142]## 比较Linux和Web
[2018-05-25 19:07:02,156][dataoptions][9604][INFO][cityOfJob():104]## 统计Linux的城市分布信息
[2018-05-25 19:07:02,156][dataoptions][9604][INFO][cityOfJob():104]## 统计Web的城市分布信息
[2018-05-25 19:07:02,500][draw][9604][INFO][reDraw():279]## 重绘
[2018-05-25 19:07:02,500][draw][9604][INFO][allJobs_pie():264]## 绘制职位信息概总饼图
[2018-05-25 19:07:02,500][dataoptions][9604][INFO][getAllJobNum():108]## 统计所有职位量
[2018-05-25 19:07:02,641][draw][9604][INFO][allCity_pie():249]## 绘制城市职位概总饼图
[2018-05-25 19:07:02,641][dataoptions][9604][INFO][getJobInCity():95]## 统计所有职位分布
[2018-05-25 19:07:02,813][draw][9604][INFO][show():292]## Nothing
[2018-05-25 19:07:07,484][draw][9604][INFO][reDraw():279]## 重绘
[2018-05-25 19:07:07,484][draw][9604][INFO][cityCountOfjob():193]## 绘制区块链的招聘情况柱状图
[2018-05-25 19:07:07,484][dataoptions][9604][INFO][cityOfJob():104]## 统计区块链的城市分布信息
[2018-05-25 19:07:07,672][draw][9604][INFO][cityCountOfjob_pie():207]## 绘制区块链的城市分布饼图
[2018-05-25 19:07:07,672][dataoptions][9604][INFO][cityOfJob():104]## 统计区块链的城市分布信息
[2018-05-25 19:07:08,656][draw][9604][INFO][updata():119]## 更新源数据
[2018-05-25 19:45:24,283][draw][8664][INFO][__init__():32]## 实例化draw
[2018-05-25 19:45:29,003][draw][8664][INFO][createCombobox():54]## 创建调参栏
[2018-05-25 19:45:29,066][draw][8664][INFO][creatCanvas():92]## 创建三块画板
[2018-05-25 19:45:30,331][draw][8664][INFO][compare():133]## 比较Linux和Web
[2018-05-25 19:45:30,331][dataoptions][8664][INFO][compress():142]## 比较Linux和Web
[2018-05-25 19:45:30,331][dataoptions][8664][INFO][cityOfJob():104]## 统计Linux的城市分布信息
[2018-05-25 19:45:30,331][dataoptions][8664][INFO][cityOfJob():104]## 统计Web的城市分布信息
[2018-05-25 19:45:31,159][draw][8664][INFO][reDraw():279]## 重绘
[2018-05-25 19:45:31,159][draw][8664][INFO][allJobs_pie():264]## 绘制职位信息概总饼图
[2018-05-25 19:45:31,159][dataoptions][8664][INFO][getAllJobNum():108]## 统计所有职位量
[2018-05-25 19:45:31,363][draw][8664][INFO][allCity_pie():249]## 绘制城市职位概总饼图
[2018-05-25 19:45:31,363][dataoptions][8664][INFO][getJobInCity():95]## 统计所有职位分布
[2018-05-25 19:46:14,265][draw][8664][INFO][compare():133]## 比较Linux和C#
[2018-05-25 19:46:14,265][dataoptions][8664][INFO][compress():142]## 比较Linux和C#
[2018-05-25 19:46:14,265][dataoptions][8664][INFO][cityOfJob():104]## 统计Linux的城市分布信息
[2018-05-25 19:46:14,265][dataoptions][8664][INFO][cityOfJob():104]## 统计C#的城市分布信息
[2018-05-25 19:46:19,798][draw][8664][INFO][compare():133]## 比较Python和C#
[2018-05-25 19:46:19,798][dataoptions][8664][INFO][compress():142]## 比较Python和C#
[2018-05-25 19:46:19,798][dataoptions][8664][INFO][cityOfJob():104]## 统计Python的城市分布信息
[2018-05-25 19:46:19,798][dataoptions][8664][INFO][cityOfJob():104]## 统计C#的城市分布信息
[2018-05-25 19:46:23,814][draw][8664][INFO][echoRadiobutton():109]## 回应单选按钮
[2018-05-25 19:46:23,814][draw][8664][INFO][allCity_pie():249]## 绘制城市职位概总饼图
[2018-05-25 19:46:23,814][dataoptions][8664][INFO][getJobInCity():95]## 统计所有职位分布
[2018-05-25 19:46:23,970][draw][8664][INFO][allJobs_pie():264]## 绘制职位信息概总饼图
[2018-05-25 19:46:23,970][dataoptions][8664][INFO][getAllJobNum():108]## 统计所有职位量
[2018-05-25 19:46:25,423][draw][8664][INFO][reDraw():279]## 重绘
[2018-05-25 19:46:25,423][draw][8664][INFO][jobsCountInCity():221]## 绘制深圳职位分布柱状图
[2018-05-25 19:46:25,423][dataoptions][8664][INFO][jobsInCity():138]## 统计深圳的招聘情况
[2018-05-25 19:46:25,595][draw][8664][INFO][jobsCountInCity_pie():234]## 绘制深圳职位信息饼图
[2018-05-25 19:46:25,595][dataoptions][8664][INFO][jobsInCity():138]## 统计深圳的招聘情况
[2018-05-25 22:12:09,962][draw][2380][INFO][__init__():32]## 实例化draw
[2018-05-25 22:12:10,587][draw][2380][INFO][createCombobox():54]## 创建调参栏
[2018-05-25 22:12:10,666][draw][2380][INFO][creatCanvas():92]## 创建三块画板
[2018-05-25 22:12:10,962][draw][2380][INFO][compare():133]## 比较Linux和Web
[2018-05-25 22:12:10,962][dataoptions][2380][INFO][compress():142]## 比较Linux和Web
[2018-05-25 22:12:10,962][dataoptions][2380][INFO][cityOfJob():104]## 统计Linux的城市分布信息
[2018-05-25 22:12:10,962][dataoptions][2380][INFO][cityOfJob():104]## 统计Web的城市分布信息
[2018-05-25 22:12:11,306][draw][2380][INFO][reDraw():279]## 重绘
[2018-05-25 22:12:11,306][draw][2380][INFO][allJobs_pie():264]## 绘制职位信息概总饼图
[2018-05-25 22:12:11,306][dataoptions][2380][INFO][getAllJobNum():108]## 统计所有职位量
[2018-05-25 22:12:11,447][draw][2380][INFO][allCity_pie():249]## 绘制城市职位概总饼图
[2018-05-25 22:12:11,447][dataoptions][2380][INFO][getJobInCity():95]## 统计所有职位分布
[2018-05-25 22:12:21,962][draw][2380][INFO][reDraw():279]## 重绘
[2018-05-25 22:12:21,962][draw][2380][INFO][cityCountOfjob():193]## 绘制Python的招聘情况柱状图
[2018-05-25 22:12:21,962][dataoptions][2380][INFO][cityOfJob():104]## 统计Python的城市分布信息
[2018-05-25 22:12:22,150][draw][2380][INFO][cityCountOfjob_pie():207]## 绘制Python的城市分布饼图
[2018-05-25 22:12:22,150][dataoptions][2380][INFO][cityOfJob():104]## 统计Python的城市分布信息
[2018-05-25 22:51:23,093][draw][11856][INFO][__init__():32]## 实例化draw
[2018-05-25 22:51:23,734][draw][11856][INFO][createCombobox():54]## 创建调参栏
[2018-05-25 22:51:23,765][draw][11856][INFO][creatCanvas():92]## 创建三块画板
[2018-05-25 22:51:24,062][draw][11856][INFO][compare():133]## 比较Linux和Web
[2018-05-25 22:51:24,062][dataoptions][11856][INFO][compress():142]## 比较Linux和Web
[2018-05-25 22:51:24,062][dataoptions][11856][INFO][cityOfJob():104]## 统计Linux的城市分布信息
[2018-05-25 22:51:24,062][dataoptions][11856][INFO][cityOfJob():104]## 统计Web的城市分布信息
[2018-05-25 22:51:24,406][draw][11856][INFO][reDraw():279]## 重绘
[2018-05-25 22:51:24,406][draw][11856][INFO][allJobs_pie():264]## 绘制职位信息概总饼图
[2018-05-25 22:51:24,406][dataoptions][11856][INFO][getAllJobNum():108]## 统计所有职位量
[2018-05-25 22:51:24,531][draw][11856][INFO][allCity_pie():249]## 绘制城市职位概总饼图
[2018-05-25 22:51:24,531][dataoptions][11856][INFO][getJobInCity():95]## 统计所有职位分布
[2018-05-25 22:52:32,051][draw][11856][INFO][compare():133]## 比较Linux和Web
[2018-05-25 22:52:32,051][dataoptions][11856][INFO][compress():142]## 比较Linux和Web
[2018-05-25 22:52:32,051][dataoptions][11856][INFO][cityOfJob():104]## 统计Linux的城市分布信息
[2018-05-25 22:52:32,051][dataoptions][11856][INFO][cityOfJob():104]## 统计Web的城市分布信息
[2018-05-25 22:52:38,942][draw][11856][INFO][compare():133]## 比较Linux和C/C++
[2018-05-25 22:52:38,942][dataoptions][11856][INFO][compress():142]## 比较Linux和C/C++
[2018-05-25 22:52:38,942][dataoptions][11856][INFO][cityOfJob():104]## 统计Linux的城市分布信息
[2018-05-25 22:52:38,942][dataoptions][11856][INFO][cityOfJob():104]## 统计C/C++的城市分布信息
[2018-05-25 22:52:42,114][draw][11856][INFO][compare():133]## 比较Linux和Python
[2018-05-25 22:52:42,114][dataoptions][11856][INFO][compress():142]## 比较Linux和Python
[2018-05-25 22:52:42,114][dataoptions][11856][INFO][cityOfJob():104]## 统计Linux的城市分布信息
[2018-05-25 22:52:42,114][dataoptions][11856][INFO][cityOfJob():104]## 统计Python的城市分布信息
[2018-05-25 22:52:44,551][draw][11856][INFO][compare():133]## 比较Linux和C#
[2018-05-25 22:52:44,551][dataoptions][11856][INFO][compress():142]## 比较Linux和C#
[2018-05-25 22:52:44,551][dataoptions][11856][INFO][cityOfJob():104]## 统计Linux的城市分布信息
[2018-05-25 22:52:44,551][dataoptions][11856][INFO][cityOfJob():104]## 统计C#的城市分布信息
[2018-05-25 22:52:46,942][draw][11856][INFO][compare():133]## 比较Linux和Linux
[2018-05-25 22:52:46,942][dataoptions][11856][INFO][compress():142]## 比较Linux和Linux
[2018-05-25 22:52:46,942][dataoptions][11856][INFO][cityOfJob():104]## 统计Linux的城市分布信息
[2018-05-25 22:52:46,958][dataoptions][11856][INFO][cityOfJob():104]## 统计Linux的城市分布信息
[2018-05-25 22:52:48,739][draw][11856][INFO][compare():133]## 比较Linux和大数据
[2018-05-25 22:52:48,739][dataoptions][11856][INFO][compress():142]## 比较Linux和大数据
[2018-05-25 22:52:48,739][dataoptions][11856][INFO][cityOfJob():104]## 统计Linux的城市分布信息
[2018-05-25 22:52:48,739][dataoptions][11856][INFO][cityOfJob():104]## 统计大数据的城市分布信息
[2018-05-25 22:52:50,676][draw][11856][INFO][compare():133]## 比较Linux和Web
[2018-05-25 22:52:50,676][dataoptions][11856][INFO][compress():142]## 比较Linux和Web
[2018-05-25 22:52:50,676][dataoptions][11856][INFO][cityOfJob():104]## 统计Linux的城市分布信息
[2018-05-25 22:52:50,676][dataoptions][11856][INFO][cityOfJob():104]## 统计Web的城市分布信息
[2018-05-25 22:52:55,680][draw][11856][INFO][compare():133]## 比较区块链和Web
[2018-05-25 22:52:55,680][dataoptions][11856][INFO][compress():142]## 比较区块链和Web
[2018-05-25 22:52:55,680][dataoptions][11856][INFO][cityOfJob():104]## 统计区块链的城市分布信息
[2018-05-25 22:52:55,696][dataoptions][11856][INFO][cityOfJob():104]## 统计Web的城市分布信息
[2018-05-25 22:52:59,164][draw][11856][INFO][compare():133]## 比较大数据和Web
[2018-05-25 22:52:59,164][dataoptions][11856][INFO][compress():142]## 比较大数据和Web
[2018-05-25 22:52:59,164][dataoptions][11856][INFO][cityOfJob():104]## 统计大数据的城市分布信息
[2018-05-25 22:52:59,164][dataoptions][11856][INFO][cityOfJob():104]## 统计Web的城市分布信息
[2018-05-25 22:53:01,743][draw][11856][INFO][compare():133]## 比较HTML5和Web
[2018-05-25 22:53:01,743][dataoptions][11856][INFO][compress():142]## 比较HTML5和Web
[2018-05-25 22:53:01,743][dataoptions][11856][INFO][cityOfJob():104]## 统计HTML5的城市分布信息
[2018-05-25 22:53:01,743][dataoptions][11856][INFO][cityOfJob():104]## 统计Web的城市分布信息
[2018-05-25 22:53:03,618][draw][11856][INFO][compare():133]## 比较HTML5和HTML5
[2018-05-25 22:53:03,618][dataoptions][11856][INFO][compress():142]## 比较HTML5和HTML5
[2018-05-25 22:53:03,618][dataoptions][11856][INFO][cityOfJob():104]## 统计HTML5的城市分布信息
[2018-05-25 22:53:03,618][dataoptions][11856][INFO][cityOfJob():104]## 统计HTML5的城市分布信息
[2018-05-25 22:53:05,618][draw][11856][INFO][compare():133]## 比较HTML5和.NET
[2018-05-25 22:53:05,618][dataoptions][11856][INFO][compress():142]## 比较HTML5和.NET
[2018-05-25 22:53:05,618][dataoptions][11856][INFO][cityOfJob():104]## 统计HTML5的城市分布信息
[2018-05-25 22:53:05,618][dataoptions][11856][INFO][cityOfJob():104]## 统计.NET的城市分布信息
[2018-05-25 22:53:11,682][draw][11856][INFO][compare():133]## 比较Web和.NET
[2018-05-25 22:53:11,682][dataoptions][11856][INFO][compress():142]## 比较Web和.NET
[2018-05-25 22:53:11,682][dataoptions][11856][INFO][cityOfJob():104]## 统计Web的城市分布信息
[2018-05-25 22:53:11,682][dataoptions][11856][INFO][cityOfJob():104]## 统计.NET的城市分布信息
[2018-05-25 22:53:13,666][draw][11856][INFO][compare():133]## 比较Linux和.NET
[2018-05-25 22:53:13,666][dataoptions][11856][INFO][compress():142]## 比较Linux和.NET
[2018-05-25 22:53:13,666][dataoptions][11856][INFO][cityOfJob():104]## 统计Linux的城市分布信息
[2018-05-25 22:53:13,666][dataoptions][11856][INFO][cityOfJob():104]## 统计.NET的城市分布信息
[2018-05-25 22:53:15,619][draw][11856][INFO][compare():133]## 比较C#和.NET
[2018-05-25 22:53:15,619][dataoptions][11856][INFO][compress():142]## 比较C#和.NET
[2018-05-25 22:53:15,619][dataoptions][11856][INFO][cityOfJob():104]## 统计C#的城市分布信息
[2018-05-25 22:53:15,619][dataoptions][11856][INFO][cityOfJob():104]## 统计.NET的城市分布信息
[2018-05-25 22:53:17,854][draw][11856][INFO][compare():133]## 比较Python和.NET
[2018-05-25 22:53:17,854][dataoptions][11856][INFO][compress():142]## 比较Python和.NET
[2018-05-25 22:53:17,854][dataoptions][11856][INFO][cityOfJob():104]## 统计Python的城市分布信息
[2018-05-25 22:53:17,869][dataoptions][11856][INFO][cityOfJob():104]## 统计.NET的城市分布信息
[2018-05-25 22:53:19,822][draw][11856][INFO][compare():133]## 比较C/C++和.NET
[2018-05-25 22:53:19,822][dataoptions][11856][INFO][compress():142]## 比较C/C++和.NET
[2018-05-25 22:53:19,822][dataoptions][11856][INFO][cityOfJob():104]## 统计C/C++的城市分布信息
[2018-05-25 22:53:19,822][dataoptions][11856][INFO][cityOfJob():104]## 统计.NET的城市分布信息
[2018-05-25 22:53:21,885][draw][11856][INFO][compare():133]## 比较C/C++和C#
[2018-05-25 22:53:21,885][dataoptions][11856][INFO][compress():142]## 比较C/C++和C#
[2018-05-25 22:53:21,901][dataoptions][11856][INFO][cityOfJob():104]## 统计C/C++的城市分布信息
[2018-05-25 22:53:21,901][dataoptions][11856][INFO][cityOfJob():104]## 统计C#的城市分布信息
[2018-05-25 22:53:23,901][draw][11856][INFO][compare():133]## 比较C/C++和Python
[2018-05-25 22:53:23,901][dataoptions][11856][INFO][compress():142]## 比较C/C++和Python
[2018-05-25 22:53:23,901][dataoptions][11856][INFO][cityOfJob():104]## 统计C/C++的城市分布信息
[2018-05-25 22:53:23,901][dataoptions][11856][INFO][cityOfJob():104]## 统计Python的城市分布信息
[2018-05-25 22:53:25,666][draw][11856][INFO][compare():133]## 比较C/C++和C/C++
[2018-05-25 22:53:25,666][dataoptions][11856][INFO][compress():142]## 比较C/C++和C/C++
[2018-05-25 22:53:25,666][dataoptions][11856][INFO][cityOfJob():104]## 统计C/C++的城市分布信息
[2018-05-25 22:53:25,666][dataoptions][11856][INFO][cityOfJob():104]## 统计C/C++的城市分布信息
[2018-05-25 22:53:27,479][draw][11856][INFO][compare():133]## 比较C/C++和C/C++
[2018-05-25 22:53:27,479][dataoptions][11856][INFO][compress():142]## 比较C/C++和C/C++
[2018-05-25 22:53:27,479][dataoptions][11856][INFO][cityOfJob():104]## 统计C/C++的城市分布信息
[2018-05-25 22:53:27,479][dataoptions][11856][INFO][cityOfJob():104]## 统计C/C++的城市分布信息
[2018-05-25 22:53:28,619][draw][11856][INFO][compare():133]## 比较C/C++和Python
[2018-05-25 22:53:28,619][dataoptions][11856][INFO][compress():142]## 比较C/C++和Python
[2018-05-25 22:53:28,619][dataoptions][11856][INFO][cityOfJob():104]## 统计C/C++的城市分布信息
[2018-05-25 22:53:28,619][dataoptions][11856][INFO][cityOfJob():104]## 统计Python的城市分布信息
[2018-05-25 22:53:30,510][draw][11856][INFO][compare():133]## 比较C/C++和区块链
[2018-05-25 22:53:30,510][dataoptions][11856][INFO][compress():142]## 比较C/C++和区块链
[2018-05-25 22:53:30,510][dataoptions][11856][INFO][cityOfJob():104]## 统计C/C++的城市分布信息
[2018-05-25 22:53:30,526][dataoptions][11856][INFO][cityOfJob():104]## 统计区块链的城市分布信息
[2018-05-25 22:53:32,369][draw][11856][INFO][compare():133]## 比较C/C++和Linux
[2018-05-25 22:53:32,369][dataoptions][11856][INFO][compress():142]## 比较C/C++和Linux
[2018-05-25 22:53:32,369][dataoptions][11856][INFO][cityOfJob():104]## 统计C/C++的城市分布信息
[2018-05-25 22:53:32,369][dataoptions][11856][INFO][cityOfJob():104]## 统计Linux的城市分布信息
[2018-05-25 22:53:33,932][draw][11856][INFO][compare():133]## 比较C/C++和大数据
[2018-05-25 22:53:33,932][dataoptions][11856][INFO][compress():142]## 比较C/C++和大数据
[2018-05-25 22:53:33,932][dataoptions][11856][INFO][cityOfJob():104]## 统计C/C++的城市分布信息
[2018-05-25 22:53:33,932][dataoptions][11856][INFO][cityOfJob():104]## 统计大数据的城市分布信息
[2018-05-25 22:53:35,432][draw][11856][INFO][compare():133]## 比较C/C++和区块链
[2018-05-25 22:53:35,432][dataoptions][11856][INFO][compress():142]## 比较C/C++和区块链
[2018-05-25 22:53:35,432][dataoptions][11856][INFO][cityOfJob():104]## 统计C/C++的城市分布信息
[2018-05-25 22:53:35,447][dataoptions][11856][INFO][cityOfJob():104]## 统计区块链的城市分布信息
[2018-05-25 22:53:37,885][draw][11856][INFO][compare():133]## 比较C/C++和数据库
[2018-05-25 22:53:37,885][dataoptions][11856][INFO][compress():142]## 比较C/C++和数据库
[2018-05-25 22:53:37,885][dataoptions][11856][INFO][cityOfJob():104]## 统计C/C++的城市分布信息
[2018-05-25 22:53:37,885][dataoptions][11856][INFO][cityOfJob():104]## 统计数据库的城市分布信息
[2018-05-25 22:53:39,682][draw][11856][INFO][compare():133]## 比较C/C++和Web
[2018-05-25 22:53:39,682][dataoptions][11856][INFO][compress():142]## 比较C/C++和Web
[2018-05-25 22:53:39,682][dataoptions][11856][INFO][cityOfJob():104]## 统计C/C++的城市分布信息
[2018-05-25 22:53:39,682][dataoptions][11856][INFO][cityOfJob():104]## 统计Web的城市分布信息
[2018-05-25 22:53:41,809][draw][11856][INFO][compare():133]## 比较C/C++和HTML5
[2018-05-25 22:53:41,809][dataoptions][11856][INFO][compress():142]## 比较C/C++和HTML5
[2018-05-25 22:53:41,809][dataoptions][11856][INFO][cityOfJob():104]## 统计C/C++的城市分布信息
[2018-05-25 22:53:41,809][dataoptions][11856][INFO][cityOfJob():104]## 统计HTML5的城市分布信息
[2018-05-25 22:53:43,716][draw][11856][INFO][compare():133]## 比较C/C++和Linux
[2018-05-25 22:53:43,716][dataoptions][11856][INFO][compress():142]## 比较C/C++和Linux
[2018-05-25 22:53:43,716][dataoptions][11856][INFO][cityOfJob():104]## 统计C/C++的城市分布信息
[2018-05-25 22:53:43,716][dataoptions][11856][INFO][cityOfJob():104]## 统计Linux的城市分布信息
[2018-05-25 22:53:45,762][draw][11856][INFO][compare():133]## 比较C/C++和HTML5
[2018-05-25 22:53:45,762][dataoptions][11856][INFO][compress():142]## 比较C/C++和HTML5
[2018-05-25 22:53:45,762][dataoptions][11856][INFO][cityOfJob():104]## 统计C/C++的城市分布信息
[2018-05-25 22:53:45,762][dataoptions][11856][INFO][cityOfJob():104]## 统计HTML5的城市分布信息
[2018-05-25 22:53:50,294][draw][11856][INFO][reDraw():279]## 重绘
[2018-05-25 22:53:50,294][draw][11856][INFO][cityCountOfjob():193]## 绘制Python的招聘情况柱状图
[2018-05-25 22:53:50,294][dataoptions][11856][INFO][cityOfJob():104]## 统计Python的城市分布信息
[2018-05-25 22:53:50,544][draw][11856][INFO][cityCountOfjob_pie():207]## 绘制Python的城市分布饼图
[2018-05-25 22:53:50,544][dataoptions][11856][INFO][cityOfJob():104]## 统计Python的城市分布信息
[2018-05-25 22:53:51,794][draw][11856][INFO][reDraw():279]## 重绘
[2018-05-25 22:53:51,794][draw][11856][INFO][cityCountOfjob():193]## 绘制大数据的招聘情况柱状图
[2018-05-25 22:53:51,794][dataoptions][11856][INFO][cityOfJob():104]## 统计大数据的城市分布信息
[2018-05-25 22:53:51,981][draw][11856][INFO][cityCountOfjob_pie():207]## 绘制大数据的城市分布饼图
[2018-05-25 22:53:51,981][dataoptions][11856][INFO][cityOfJob():104]## 统计大数据的城市分布信息
[2018-05-25 22:53:52,637][draw][11856][INFO][echoRadiobutton():109]## 回应单选按钮
[2018-05-25 22:53:52,637][draw][11856][INFO][allCity_pie():249]## 绘制城市职位概总饼图
[2018-05-25 22:53:52,637][dataoptions][11856][INFO][getJobInCity():95]## 统计所有职位分布
[2018-05-25 22:53:52,794][draw][11856][INFO][allJobs_pie():264]## 绘制职位信息概总饼图
[2018-05-25 22:53:52,794][dataoptions][11856][INFO][getAllJobNum():108]## 统计所有职位量
[2018-05-25 22:53:53,872][draw][11856][INFO][reDraw():279]## 重绘
[2018-05-25 22:53:53,872][draw][11856][INFO][jobsCountInCity():221]## 绘制武汉职位分布柱状图
[2018-05-25 22:53:53,872][dataoptions][11856][INFO][jobsInCity():138]## 统计武汉的招聘情况
[2018-05-25 22:53:54,075][draw][11856][INFO][jobsCountInCity_pie():234]## 绘制武汉职位信息饼图
[2018-05-25 22:53:54,075][dataoptions][11856][INFO][jobsInCity():138]## 统计武汉的招聘情况
[2018-05-25 22:53:56,966][draw][11856][INFO][reDraw():279]## 重绘
[2018-05-25 22:53:56,966][draw][11856][INFO][jobsCountInCity():221]## 绘制武汉职位分布柱状图
[2018-05-25 22:53:56,966][dataoptions][11856][INFO][jobsInCity():138]## 统计武汉的招聘情况
[2018-05-25 22:53:57,137][draw][11856][INFO][jobsCountInCity_pie():234]## 绘制武汉职位信息饼图
[2018-05-25 22:53:57,137][dataoptions][11856][INFO][jobsInCity():138]## 统计武汉的招聘情况
[2018-05-26 08:47:23,529][draw][7572][INFO][__init__():32]## 实例化draw
[2018-05-26 08:47:27,357][draw][7572][INFO][createCombobox():54]## 创建调参栏
[2018-05-26 08:47:27,497][draw][7572][INFO][creatCanvas():92]## 创建三块画板
[2018-05-26 08:47:28,903][draw][7572][INFO][compare():133]## 比较Linux和Web
[2018-05-26 08:47:28,903][dataoptions][7572][INFO][compress():142]## 比较Linux和Web
[2018-05-26 08:47:28,903][dataoptions][7572][INFO][cityOfJob():104]## 统计Linux的城市分布信息
[2018-05-26 08:47:28,903][dataoptions][7572][INFO][cityOfJob():104]## 统计Web的城市分布信息
[2018-05-26 08:47:29,528][draw][7572][INFO][reDraw():279]## 重绘
[2018-05-26 08:47:29,528][draw][7572][INFO][allJobs_pie():264]## 绘制职位信息概总饼图
[2018-05-26 08:47:29,528][dataoptions][7572][INFO][getAllJobNum():108]## 统计所有职位量
[2018-05-26 08:47:29,685][draw][7572][INFO][allCity_pie():249]## 绘制城市职位概总饼图
[2018-05-26 08:47:29,685][dataoptions][7572][INFO][getJobInCity():95]## 统计所有职位分布
[2018-05-26 08:59:17,059][draw][7572][INFO][compare():133]## 比较Python和Web
[2018-05-26 08:59:17,059][dataoptions][7572][INFO][compress():142]## 比较Python和Web
[2018-05-26 08:59:17,059][dataoptions][7572][INFO][cityOfJob():104]## 统计Python的城市分布信息
[2018-05-26 08:59:17,059][dataoptions][7572][INFO][cityOfJob():104]## 统计Web的城市分布信息
[2018-05-26 08:59:20,137][draw][7572][INFO][compare():133]## 比较Python和Linux
[2018-05-26 08:59:20,137][dataoptions][7572][INFO][compress():142]## 比较Python和Linux
[2018-05-26 08:59:20,137][dataoptions][7572][INFO][cityOfJob():104]## 统计Python的城市分布信息
[2018-05-26 08:59:20,137][dataoptions][7572][INFO][cityOfJob():104]## 统计Linux的城市分布信息
[2018-05-26 08:59:23,044][draw][7572][INFO][compare():133]## 比较Python和HTML5
[2018-05-26 08:59:23,044][dataoptions][7572][INFO][compress():142]## 比较Python和HTML5
[2018-05-26 08:59:23,044][dataoptions][7572][INFO][cityOfJob():104]## 统计Python的城市分布信息
[2018-05-26 08:59:23,044][dataoptions][7572][INFO][cityOfJob():104]## 统计HTML5的城市分布信息
[2018-05-26 08:59:33,670][draw][7572][INFO][echoRadiobutton():109]## 回应单选按钮
[2018-05-26 08:59:33,670][draw][7572][INFO][allCity_pie():249]## 绘制城市职位概总饼图
[2018-05-26 08:59:33,670][dataoptions][7572][INFO][getJobInCity():95]## 统计所有职位分布
[2018-05-26 08:59:33,827][draw][7572][INFO][allJobs_pie():264]## 绘制职位信息概总饼图
[2018-05-26 08:59:33,827][dataoptions][7572][INFO][getAllJobNum():108]## 统计所有职位量
[2018-05-26 08:59:35,358][draw][7572][INFO][reDraw():279]## 重绘
[2018-05-26 08:59:35,358][draw][7572][INFO][jobsCountInCity():221]## 绘制南京职位分布柱状图
[2018-05-26 08:59:35,358][dataoptions][7572][INFO][jobsInCity():138]## 统计南京的招聘情况
[2018-05-26 08:59:35,530][draw][7572][INFO][jobsCountInCity_pie():234]## 绘制南京职位信息饼图
[2018-05-26 08:59:35,530][dataoptions][7572][INFO][jobsInCity():138]## 统计南京的招聘情况
[2018-05-26 08:59:38,608][draw][7572][INFO][reDraw():279]## 重绘
[2018-05-26 08:59:38,608][draw][7572][INFO][jobsCountInCity():221]## 绘制上海职位分布柱状图
[2018-05-26 08:59:38,608][dataoptions][7572][INFO][jobsInCity():138]## 统计上海的招聘情况
[2018-05-26 08:59:38,780][draw][7572][INFO][jobsCountInCity_pie():234]## 绘制上海职位信息饼图
[2018-05-26 08:59:38,780][dataoptions][7572][INFO][jobsInCity():138]## 统计上海的招聘情况
[2018-05-26 08:59:46,014][draw][7572][INFO][echoRadiobutton():109]## 回应单选按钮
[2018-05-26 08:59:46,014][draw][7572][INFO][allCity_pie():249]## 绘制城市职位概总饼图
[2018-05-26 08:59:46,014][dataoptions][7572][INFO][getJobInCity():95]## 统计所有职位分布
[2018-05-26 08:59:46,170][draw][7572][INFO][allJobs_pie():264]## 绘制职位信息概总饼图
[2018-05-26 08:59:46,170][dataoptions][7572][INFO][getAllJobNum():108]## 统计所有职位量
[2018-05-26 08:59:47,686][draw][7572][INFO][echoRadiobutton():109]## 回应单选按钮
[2018-05-26 08:59:47,686][draw][7572][INFO][allCity_pie():249]## 绘制城市职位概总饼图
[2018-05-26 08:59:47,686][dataoptions][7572][INFO][getJobInCity():95]## 统计所有职位分布
[2018-05-26 08:59:47,827][draw][7572][INFO][allJobs_pie():264]## 绘制职位信息概总饼图
[2018-05-26 08:59:47,827][dataoptions][7572][INFO][getAllJobNum():108]## 统计所有职位量
[2018-05-26 08:59:48,811][draw][7572][INFO][echoRadiobutton():109]## 回应单选按钮
[2018-05-26 08:59:48,811][draw][7572][INFO][allCity_pie():249]## 绘制城市职位概总饼图
[2018-05-26 08:59:48,811][dataoptions][7572][INFO][getJobInCity():95]## 统计所有职位分布
[2018-05-26 08:59:48,952][draw][7572][INFO][allJobs_pie():264]## 绘制职位信息概总饼图
[2018-05-26 08:59:48,952][dataoptions][7572][INFO][getAllJobNum():108]## 统计所有职位量
[2018-05-26 08:59:51,155][draw][7572][INFO][reDraw():279]## 重绘
[2018-05-26 08:59:51,155][draw][7572][INFO][cityCountOfjob():193]## 绘制C#的招聘情况柱状图
[2018-05-26 08:59:51,155][dataoptions][7572][INFO][cityOfJob():104]## 统计C#的城市分布信息
[2018-05-26 08:59:51,327][draw][7572][INFO][cityCountOfjob_pie():207]## 绘制C#的城市分布饼图
[2018-05-26 08:59:51,327][dataoptions][7572][INFO][cityOfJob():104]## 统计C#的城市分布信息
=======
[2018-05-23 21:15:38,900][4180][INFO][draw.py][__init__():32]## 实例化draw
[2018-05-23 21:15:39,468][4180][INFO][draw.py][createCombobox():54]## 创建调参栏
[2018-05-23 21:15:39,502][4180][INFO][draw.py][creatCanvas():92]## 创建三块画板
[2018-05-23 21:15:39,790][4180][INFO][draw.py][compare():133]## 比较Linux和Web
[2018-05-23 21:15:39,791][4180][INFO][dataoptions.py][compress():141]## 比较Linux和Web
[2018-05-23 21:15:39,791][4180][INFO][dataoptions.py][cityOfJob():104]## 统计Linux的城市分布信息
[2018-05-23 21:15:39,795][4180][INFO][dataoptions.py][cityOfJob():104]## 统计Web的城市分布信息
[2018-05-23 21:15:40,130][4180][INFO][draw.py][reDraw():279]## 重绘
[2018-05-23 21:15:40,131][4180][INFO][draw.py][allJobs_pie():264]## 绘制职位信息概总饼图
[2018-05-23 21:15:40,132][4180][INFO][dataoptions.py][getAllJobNum():108]## 统计所有职位量
[2018-05-23 21:15:40,261][4180][INFO][draw.py][allCity_pie():249]## 绘制城市职位概总饼图
[2018-05-23 21:15:40,261][4180][INFO][dataoptions.py][getJobInCity():95]## 统计所有职位分布
[2018-05-23 21:16:04,215][4180][INFO][draw.py][compare():133]## 比较Linux和区块链
[2018-05-23 21:16:04,215][4180][INFO][dataoptions.py][compress():141]## 比较Linux和区块链
[2018-05-23 21:16:04,216][4180][INFO][dataoptions.py][cityOfJob():104]## 统计Linux的城市分布信息
[2018-05-23 21:16:04,219][4180][INFO][dataoptions.py][cityOfJob():104]## 统计区块链的城市分布信息
[2018-05-23 21:16:07,676][4180][INFO][draw.py][compare():133]## 比较C/C++和区块链
[2018-05-23 21:16:07,676][4180][INFO][dataoptions.py][compress():141]## 比较C/C++和区块链
[2018-05-23 21:16:07,676][4180][INFO][dataoptions.py][cityOfJob():104]## 统计C/C++的城市分布信息
[2018-05-23 21:16:07,680][4180][INFO][dataoptions.py][cityOfJob():104]## 统计区块链的城市分布信息
[2018-05-23 21:16:12,022][4180][INFO][draw.py][reDraw():279]## 重绘
[2018-05-23 21:16:12,022][4180][INFO][draw.py][cityCountOfjob():193]## 绘制区块链的招聘情况柱状图
[2018-05-23 21:16:12,023][4180][INFO][dataoptions.py][cityOfJob():104]## 统计区块链的城市分布信息
[2018-05-23 21:16:12,215][4180][INFO][draw.py][cityCountOfjob_pie():207]## 绘制区块链的城市分布饼图
[2018-05-23 21:16:12,216][4180][INFO][dataoptions.py][cityOfJob():104]## 统计区块链的城市分布信息
[2018-05-23 21:16:17,928][4180][INFO][draw.py][reDraw():279]## 重绘
[2018-05-23 21:16:17,928][4180][INFO][draw.py][cityCountOfjob():193]## 绘制Java的招聘情况柱状图
[2018-05-23 21:16:17,929][4180][INFO][dataoptions.py][cityOfJob():104]## 统计Java的城市分布信息
[2018-05-23 21:16:18,256][4180][INFO][draw.py][cityCountOfjob_pie():207]## 绘制Java的城市分布饼图
[2018-05-23 21:16:18,256][4180][INFO][dataoptions.py][cityOfJob():104]## 统计Java的城市分布信息
[2018-05-23 21:16:22,267][4180][INFO][draw.py][reDraw():279]## 重绘
[2018-05-23 21:16:22,268][4180][INFO][draw.py][cityCountOfjob():193]## 绘制Web的招聘情况柱状图
[2018-05-23 21:16:22,268][4180][INFO][dataoptions.py][cityOfJob():104]## 统计Web的城市分布信息
[2018-05-23 21:16:22,525][4180][INFO][draw.py][cityCountOfjob_pie():207]## 绘制Web的城市分布饼图
[2018-05-23 21:16:22,525][4180][INFO][dataoptions.py][cityOfJob():104]## 统计Web的城市分布信息
[2018-05-23 21:16:25,421][4180][INFO][draw.py][echoRadiobutton():109]## 回应单选按钮
[2018-05-23 21:16:25,422][4180][INFO][draw.py][allCity_pie():249]## 绘制城市职位概总饼图
[2018-05-23 21:16:25,423][4180][INFO][dataoptions.py][getJobInCity():95]## 统计所有职位分布
[2018-05-23 21:16:25,700][4180][INFO][draw.py][allJobs_pie():264]## 绘制职位信息概总饼图
[2018-05-23 21:16:25,701][4180][INFO][dataoptions.py][getAllJobNum():108]## 统计所有职位量
[2018-05-23 21:16:27,855][4180][INFO][draw.py][reDraw():279]## 重绘
[2018-05-23 21:16:27,855][4180][INFO][draw.py][jobsCountInCity():221]## 绘制杭州职位分布柱状图
[2018-05-23 21:16:27,855][4180][INFO][dataoptions.py][jobsInCity():137]## 统计杭州的招聘情况
[2018-05-23 21:16:28,054][4180][INFO][draw.py][jobsCountInCity_pie():234]## 绘制杭州职位信息饼图
[2018-05-23 21:16:28,055][4180][INFO][dataoptions.py][jobsInCity():137]## 统计杭州的招聘情况
[2018-05-23 21:16:30,050][4180][INFO][draw.py][reDraw():279]## 重绘
[2018-05-23 21:16:30,051][4180][INFO][draw.py][jobsCountInCity():221]## 绘制上海职位分布柱状图
[2018-05-23 21:16:30,051][4180][INFO][dataoptions.py][jobsInCity():137]## 统计上海的招聘情况
[2018-05-23 21:16:30,230][4180][INFO][draw.py][jobsCountInCity_pie():234]## 绘制上海职位信息饼图
[2018-05-23 21:16:30,230][4180][INFO][dataoptions.py][jobsInCity():137]## 统计上海的招聘情况
[2018-05-23 21:16:31,449][4180][INFO][draw.py][updata():119]## 更新源数据
[2018-05-23 21:16:31,451][4180][INFO][worm.py][get_data():190]## 爬取数据
[2018-05-23 21:16:31,453][4180][INFO][worm.py][get_links_from():71]## 获取所有的职位页面链接
[2018-05-23 21:16:31,454][4180][INFO][worm.py][get_content():45]## 获取网页内容:http://sou.zhaopin.com/jobs/searchresult.ashx?bj=160000&in=210500;160000;160200;160100&jl=%E9%80%89%E6%8B%A9%E5%9C%B0%E5%8C%BA&isadv=0&p=1
[2018-05-23 21:16:34,620][4180][INFO][worm.py][get_content():45]## 获取网页内容:http://sou.zhaopin.com/jobs/searchresult.ashx?bj=160000&in=210500;160000;160200;160100&jl=%E9%80%89%E6%8B%A9%E5%9C%B0%E5%8C%BA&isadv=0&p=2
[2018-05-23 21:16:35,804][4180][INFO][worm.py][get_content():45]## 获取网页内容:http://sou.zhaopin.com/jobs/searchresult.ashx?bj=160000&in=160400;160500;300100;160600&jl=%E9%80%89%E6%8B%A9%E5%9C%B0%E5%8C%BA&isadv=0&p=1
[2018-05-23 21:16:38,392][4180][INFO][worm.py][get_content():45]## 获取网页内容:http://sou.zhaopin.com/jobs/searchresult.ashx?bj=160000&in=160400;160500;300100;160600&jl=%E9%80%89%E6%8B%A9%E5%9C%B0%E5%8C%BA&isadv=0&p=2
[2018-05-23 21:16:39,814][4180][INFO][worm.py][get_link_info():104]## 获取求职页面有用信息
[2018-05-23 21:16:39,814][4180][INFO][worm.py][get_content():45]## 获取网页内容:http://jobs.zhaopin.com/532331623250069.htm
[2018-05-23 21:16:41,588][4180][INFO][worm.py][get_link_info():104]## 获取求职页面有用信息
[2018-05-23 21:16:41,589][4180][INFO][worm.py][get_content():45]## 获取网页内容:http://jobs.zhaopin.com/413438931250198.htm
[2018-05-23 21:16:41,975][4180][INFO][worm.py][get_link_info():104]## 获取求职页面有用信息
[2018-05-23 21:16:41,976][4180][INFO][worm.py][get_content():45]## 获取网页内容:http://jobs.zhaopin.com/CC529234527J00112674205.htm
[2018-05-23 21:16:42,498][4180][INFO][worm.py][get_link_info():104]## 获取求职页面有用信息
[2018-05-23 21:16:42,498][4180][INFO][worm.py][get_content():45]## 获取网页内容:http://jobs.zhaopin.com/CZ754971570J00047718910.htm
[2018-05-23 21:16:43,196][4180][INFO][worm.py][get_link_info():104]## 获取求职页面有用信息
[2018-05-23 21:16:43,197][4180][INFO][worm.py][get_content():45]## 获取网页内容:http://jobs.zhaopin.com/CC628989229J00105893403.htm
[2018-05-23 21:16:43,859][4180][INFO][worm.py][get_link_info():104]## 获取求职页面有用信息
[2018-05-23 21:16:43,859][4180][INFO][worm.py][get_content():45]## 获取网页内容:http://jobs.zhaopin.com/450835031250016.htm
[2018-05-23 21:16:44,238][4180][INFO][worm.py][get_link_info():104]## 获取求职页面有用信息
[2018-05-23 21:16:44,239][4180][INFO][worm.py][get_content():45]## 获取网页内容:http://jobs.zhaopin.com/CC143203522J00044441013.htm
[2018-05-23 21:16:44,575][4180][INFO][worm.py][get_link_info():104]## 获取求职页面有用信息
[2018-05-23 21:16:44,575][4180][INFO][worm.py][get_content():45]## 获取网页内容:http://jobs.zhaopin.com/CZ697762580J00116595203.htm
[2018-05-23 21:16:44,920][4180][INFO][worm.py][get_link_info():104]## 获取求职页面有用信息
[2018-05-23 21:16:44,920][4180][INFO][worm.py][get_content():45]## 获取网页内容:http://jobs.zhaopin.com/374934587251737.htm
[2018-05-23 21:16:45,305][4180][INFO][worm.py][get_link_info():104]## 获取求职页面有用信息
[2018-05-23 21:16:45,305][4180][INFO][worm.py][get_content():45]## 获取网页内容:http://jobs.zhaopin.com/145641624258542.htm
[2018-05-23 21:16:45,589][4180][INFO][worm.py][get_link_info():104]## 获取求职页面有用信息
[2018-05-23 21:16:45,590][4180][INFO][worm.py][get_content():45]## 获取网页内容:http://jobs.zhaopin.com/148527375250224.htm
[2018-05-23 21:16:46,080][4180][INFO][worm.py][get_link_info():104]## 获取求职页面有用信息
[2018-05-23 21:16:46,081][4180][INFO][worm.py][get_content():45]## 获取网页内容:http://jobs.zhaopin.com/120562247250099.htm
[2018-05-23 21:16:46,394][4180][INFO][worm.py][get_link_info():104]## 获取求职页面有用信息
[2018-05-23 21:16:46,394][4180][INFO][worm.py][get_content():45]## 获取网页内容:http://jobs.zhaopin.com/CC130401722J00044327914.htm
[2018-05-23 21:16:47,048][4180][INFO][worm.py][get_link_info():104]## 获取求职页面有用信息
[2018-05-23 21:16:47,049][4180][INFO][worm.py][get_content():45]## 获取网页内容:http://jobs.zhaopin.com/276648783250001.htm
[2018-05-23 21:16:47,356][4180][INFO][worm.py][get_link_info():104]## 获取求职页面有用信息
[2018-05-23 21:16:47,357][4180][INFO][worm.py][get_content():45]## 获取网页内容:http://jobs.zhaopin.com/163582814250187.htm
[2018-05-23 21:16:47,739][4180][INFO][worm.py][get_link_info():104]## 获取求职页面有用信息
[2018-05-23 21:16:47,739][4180][INFO][worm.py][get_content():45]## 获取网页内容:http://jobs.zhaopin.com/120625148250453.htm
[2018-05-23 21:16:48,129][4180][INFO][worm.py][get_link_info():104]## 获取求职页面有用信息
[2018-05-23 21:16:48,129][4180][INFO][worm.py][get_content():45]## 获取网页内容:http://jobs.zhaopin.com/314022182250401.htm
[2018-05-23 21:16:48,518][4180][INFO][worm.py][get_link_info():104]## 获取求职页面有用信息
[2018-05-23 21:16:48,518][4180][INFO][worm.py][get_content():45]## 获取网页内容:http://jobs.zhaopin.com/CC244266381J00059856507.htm
[2018-05-23 21:16:48,813][4180][INFO][worm.py][get_link_info():104]## 获取求职页面有用信息
[2018-05-23 21:16:48,813][4180][INFO][worm.py][get_content():45]## 获取网页内容:http://jobs.zhaopin.com/CC628989229J00105184203.htm
[2018-05-23 21:16:49,129][4180][INFO][worm.py][get_link_info():104]## 获取求职页面有用信息
[2018-05-23 21:16:49,129][4180][INFO][worm.py][get_content():45]## 获取网页内容:http://jobs.zhaopin.com/340786113250020.htm
[2018-05-23 21:16:49,474][4180][INFO][worm.py][get_link_info():104]## 获取求职页面有用信息
[2018-05-23 21:16:49,475][4180][INFO][worm.py][get_content():45]## 获取网页内容:http://jobs.zhaopin.com/CC120930180J00047715109.htm
[2018-05-23 21:16:49,778][4180][INFO][worm.py][get_link_info():104]## 获取求职页面有用信息
[2018-05-23 21:16:49,778][4180][INFO][worm.py][get_content():45]## 获取网页内容:http://jobs.zhaopin.com/CC216601138J00073374602.htm
[2018-05-23 21:16:50,085][4180][INFO][worm.py][get_link_info():104]## 获取求职页面有用信息
[2018-05-23 21:16:50,085][4180][INFO][worm.py][get_content():45]## 获取网页内容:http://jobs.zhaopin.com/235575186260324.htm
[2018-05-23 21:16:50,384][4180][INFO][worm.py][get_link_info():104]## 获取求职页面有用信息
[2018-05-23 21:16:50,384][4180][INFO][worm.py][get_content():45]## 获取网页内容:http://jobs.zhaopin.com/611531186250006.htm
[2018-05-23 21:16:52,193][4180][INFO][worm.py][get_link_info():104]## 获取求职页面有用信息
[2018-05-23 21:16:52,194][4180][INFO][worm.py][get_content():45]## 获取网页内容:http://jobs.zhaopin.com/CC649892284J00103689405.htm
[2018-05-23 21:16:52,501][4180][INFO][worm.py][get_link_info():104]## 获取求职页面有用信息
[2018-05-23 21:16:52,501][4180][INFO][worm.py][get_content():45]## 获取网页内容:http://jobs.zhaopin.com/398792380250023.htm
[2018-05-23 21:16:52,878][4180][INFO][worm.py][get_link_info():104]## 获取求职页面有用信息
[2018-05-23 21:16:52,879][4180][INFO][worm.py][get_content():45]## 获取网页内容:http://jobs.zhaopin.com/CC265376139J00034015111.htm
[2018-05-23 21:16:53,135][4180][INFO][worm.py][get_link_info():104]## 获取求职页面有用信息
[2018-05-23 21:16:53,135][4180][INFO][worm.py][get_content():45]## 获取网页内容:http://jobs.zhaopin.com/687473589250065.htm
[2018-05-23 21:16:53,505][4180][INFO][worm.py][get_link_info():104]## 获取求职页面有用信息
[2018-05-23 21:16:53,505][4180][INFO][worm.py][get_content():45]## 获取网页内容:http://jobs.zhaopin.com/CC247396713J00081989208.htm
[2018-05-23 21:16:53,823][4180][INFO][worm.py][get_link_info():104]## 获取求职页面有用信息
[2018-05-23 21:16:53,823][4180][INFO][worm.py][get_content():45]## 获取网页内容:http://jobs.zhaopin.com/CC323124912J00042523010.htm
[2018-05-23 21:16:54,167][4180][INFO][worm.py][get_link_info():104]## 获取求职页面有用信息
[2018-05-23 21:16:54,167][4180][INFO][worm.py][get_content():45]## 获取网页内容:http://jobs.zhaopin.com/CZ731714080J00081271801.htm
[2018-05-23 21:16:54,603][4180][INFO][worm.py][get_link_info():104]## 获取求职页面有用信息
[2018-05-23 21:16:54,604][4180][INFO][worm.py][get_content():45]## 获取网页内容:http://jobs.zhaopin.com/374934587251784.htm
[2018-05-23 21:16:54,890][4180][INFO][worm.py][get_link_info():104]## 获取求职页面有用信息
[2018-05-23 21:16:54,891][4180][INFO][worm.py][get_content():45]## 获取网页内容:http://jobs.zhaopin.com/CZ675832320J00141927401.htm
[2018-05-23 21:16:55,210][4180][INFO][worm.py][get_link_info():104]## 获取求职页面有用信息
[2018-05-23 21:16:55,211][4180][INFO][worm.py][get_content():45]## 获取网页内容:http://jobs.zhaopin.com/CC327325539J00068923802.htm
[2018-05-23 21:16:55,577][4180][INFO][worm.py][get_link_info():104]## 获取求职页面有用信息
[2018-05-23 21:16:55,577][4180][INFO][worm.py][get_content():45]## 获取网页内容:http://jobs.zhaopin.com/148527375250205.htm
[2018-05-23 21:16:55,974][4180][INFO][worm.py][get_link_info():104]## 获取求职页面有用信息
[2018-05-23 21:16:55,975][4180][INFO][worm.py][get_content():45]## 获取网页内容:http://jobs.zhaopin.com/CC348183733J00076095606.htm
[2018-05-23 21:16:56,360][4180][INFO][worm.py][get_link_info():104]## 获取求职页面有用信息
[2018-05-23 21:16:56,361][4180][INFO][worm.py][get_content():45]## 获取网页内容:http://jobs.zhaopin.com/210653218250637.htm
[2018-05-23 21:16:56,699][4180][INFO][worm.py][get_link_info():104]## 获取求职页面有用信息
[2018-05-23 21:16:56,699][4180][INFO][worm.py][get_content():45]## 获取网页内容:http://jobs.zhaopin.com/224763818260159.htm
[2018-05-23 21:16:57,314][4180][INFO][worm.py][get_link_info():104]## 获取求职页面有用信息
[2018-05-23 21:16:57,315][4180][INFO][worm.py][get_content():45]## 获取网页内容:http://jobs.zhaopin.com/507387428250006.htm
[2018-05-23 21:16:57,648][4180][INFO][worm.py][get_link_info():104]## 获取求职页面有用信息
[2018-05-23 21:16:57,649][4180][INFO][worm.py][get_content():45]## 获取网页内容:http://jobs.zhaopin.com/687473488250080.htm
[2018-05-23 21:16:58,011][4180][INFO][worm.py][get_link_info():104]## 获取求职页面有用信息
[2018-05-23 21:16:58,012][4180][INFO][worm.py][get_content():45]## 获取网页内容:http://jobs.zhaopin.com/CC408522281J00112900505.htm
[2018-05-23 21:16:58,915][4180][INFO][worm.py][get_link_info():104]## 获取求职页面有用信息
[2018-05-23 21:16:58,915][4180][INFO][worm.py][get_content():45]## 获取网页内容:http://jobs.zhaopin.com/479050586250020.htm
[2018-05-23 21:16:59,306][4180][INFO][worm.py][get_link_info():104]## 获取求职页面有用信息
[2018-05-23 21:16:59,307][4180][INFO][worm.py][get_content():45]## 获取网页内容:http://jobs.zhaopin.com/CC320525232J00044003515.htm
[2018-05-23 21:16:59,775][4180][INFO][worm.py][get_link_info():104]## 获取求职页面有用信息
[2018-05-23 21:16:59,776][4180][INFO][worm.py][get_content():45]## 获取网页内容:http://jobs.zhaopin.com/CZ737646250J00047499213.htm
[2018-05-23 21:17:00,152][4180][INFO][worm.py][get_link_info():104]## 获取求职页面有用信息
[2018-05-23 21:17:00,152][4180][INFO][worm.py][get_content():45]## 获取网页内容:http://jobs.zhaopin.com/CZ402588580J00116781303.htm
[2018-05-23 21:17:00,464][4180][INFO][worm.py][get_link_info():104]## 获取求职页面有用信息
[2018-05-23 21:17:00,464][4180][INFO][worm.py][get_content():45]## 获取网页内容:http://jobs.zhaopin.com/CC276648783J00046161812.htm
[2018-05-23 21:17:00,764][4180][INFO][worm.py][get_link_info():104]## 获取求职页面有用信息
[2018-05-23 21:17:00,764][4180][INFO][worm.py][get_content():45]## 获取网页内容:http://jobs.zhaopin.com/187832715250287.htm
[2018-05-23 21:17:01,173][4180][INFO][worm.py][get_link_info():104]## 获取求职页面有用信息
[2018-05-23 21:17:01,173][4180][INFO][worm.py][get_content():45]## 获取网页内容:http://jobs.zhaopin.com/CC278147116J00078570108.htm
[2018-05-23 21:17:01,520][4180][INFO][worm.py][get_link_info():104]## 获取求职页面有用信息
[2018-05-23 21:17:01,520][4180][INFO][worm.py][get_content():45]## 获取网页内容:http://jobs.zhaopin.com/CC356144922J00101397005.htm
[2018-05-23 21:17:01,940][4180][INFO][worm.py][get_link_info():104]## 获取求职页面有用信息
[2018-05-23 21:17:01,940][4180][INFO][worm.py][get_content():45]## 获取网页内容:http://jobs.zhaopin.com/314022182250045.htm
[2018-05-23 21:17:02,267][4180][INFO][worm.py][get_link_info():104]## 获取求职页面有用信息
[2018-05-23 21:17:02,267][4180][INFO][worm.py][get_content():45]## 获取网页内容:http://jobs.zhaopin.com/491937182250000.htm
[2018-05-23 21:17:02,565][4180][INFO][worm.py][get_link_info():104]## 获取求职页面有用信息
[2018-05-23 21:17:02,565][4180][INFO][worm.py][get_content():45]## 获取网页内容:http://jobs.zhaopin.com/CC447375014J00041571312.htm
[2018-05-23 21:17:02,891][4180][INFO][worm.py][get_link_info():104]## 获取求职页面有用信息
[2018-05-23 21:17:02,892][4180][INFO][worm.py][get_content():45]## 获取网页内容:http://jobs.zhaopin.com/210653218250633.htm
[2018-05-23 21:17:03,279][4180][INFO][worm.py][get_link_info():104]## 获取求职页面有用信息
[2018-05-23 21:17:03,280][4180][INFO][worm.py][get_content():45]## 获取网页内容:http://jobs.zhaopin.com/532331623250027.htm
[2018-05-23 21:17:03,639][4180][INFO][worm.py][get_link_info():104]## 获取求职页面有用信息
[2018-05-23 21:17:03,640][4180][INFO][worm.py][get_content():45]## 获取网页内容:http://jobs.zhaopin.com/CC213648788J00115283307.htm
[2018-05-23 21:17:03,948][4180][INFO][worm.py][get_link_info():104]## 获取求职页面有用信息
[2018-05-23 21:17:03,948][4180][INFO][worm.py][get_content():45]## 获取网页内容:http://jobs.zhaopin.com/120562247250069.htm
[2018-05-23 21:17:04,237][4180][INFO][worm.py][get_link_info():104]## 获取求职页面有用信息
[2018-05-23 21:17:04,238][4180][INFO][worm.py][get_content():45]## 获取网页内容:http://jobs.zhaopin.com/622930324250413.htm
[2018-05-23 21:17:04,511][4180][INFO][worm.py][get_link_info():104]## 获取求职页面有用信息
[2018-05-23 21:17:04,512][4180][INFO][worm.py][get_content():45]## 获取网页内容:http://jobs.zhaopin.com/560980329250072.htm
[2018-05-23 21:17:04,813][4180][INFO][worm.py][get_link_info():104]## 获取求职页面有用信息
[2018-05-23 21:17:04,814][4180][INFO][worm.py][get_content():45]## 获取网页内容:http://jobs.zhaopin.com/CC247396713J00079408308.htm
[2018-05-23 21:17:05,108][4180][INFO][worm.py][get_link_info():104]## 获取求职页面有用信息
[2018-05-23 21:17:05,108][4180][INFO][worm.py][get_content():45]## 获取网页内容:http://jobs.zhaopin.com/120930180250095.htm
[2018-05-23 21:17:05,929][4180][INFO][worm.py][get_link_info():104]## 获取求职页面有用信息
[2018-05-23 21:17:05,929][4180][INFO][worm.py][get_content():45]## 获取网页内容:http://jobs.zhaopin.com/CC628989229J00105184203.htm
[2018-05-23 21:17:06,129][4180][INFO][worm.py][get_link_info():104]## 获取求职页面有用信息
[2018-05-23 21:17:06,130][4180][INFO][worm.py][get_content():45]## 获取网页内容:http://jobs.zhaopin.com/611531186250006.htm
[2018-05-23 21:17:06,350][4180][INFO][worm.py][get_link_info():104]## 获取求职页面有用信息
[2018-05-23 21:17:06,350][4180][INFO][worm.py][get_content():45]## 获取网页内容:http://jobs.zhaopin.com/CZ675832320J00141927401.htm
[2018-05-23 21:17:06,563][4180][INFO][worm.py][get_link_info():104]## 获取求职页面有用信息
[2018-05-23 21:17:06,563][4180][INFO][worm.py][get_content():45]## 获取网页内容:http://jobs.zhaopin.com/CC323124912J00042523010.htm
[2018-05-23 21:17:06,767][4180][INFO][worm.py][get_link_info():104]## 获取求职页面有用信息
[2018-05-23 21:17:06,768][4180][INFO][worm.py][get_content():45]## 获取网页内容:http://jobs.zhaopin.com/CC447375014J00041571312.htm
[2018-05-23 21:17:06,976][4180][INFO][worm.py][get_link_info():104]## 获取求职页面有用信息
[2018-05-23 21:17:06,976][4180][INFO][worm.py][get_content():45]## 获取网页内容:http://jobs.zhaopin.com/CZ754971570J00047718910.htm
[2018-05-23 21:17:07,169][4180][INFO][worm.py][get_link_info():104]## 获取求职页面有用信息
[2018-05-23 21:17:07,170][4180][INFO][worm.py][get_content():45]## 获取网页内容:http://jobs.zhaopin.com/210653218250633.htm
[2018-05-23 21:17:07,390][4180][INFO][worm.py][get_link_info():104]## 获取求职页面有用信息
[2018-05-23 21:17:07,390][4180][INFO][worm.py][get_content():45]## 获取网页内容:http://jobs.zhaopin.com/210653218250637.htm
[2018-05-23 21:17:07,706][4180][INFO][worm.py][get_link_info():104]## 获取求职页面有用信息
[2018-05-23 21:17:07,707][4180][INFO][worm.py][get_content():45]## 获取网页内容:http://jobs.zhaopin.com/CC470159119J00075011508.htm
[2018-05-23 21:17:08,009][4180][INFO][worm.py][get_link_info():104]## 获取求职页面有用信息
[2018-05-23 21:17:08,009][4180][INFO][worm.py][get_content():45]## 获取网页内容:http://jobs.zhaopin.com/130180877252615.htm
[2018-05-23 21:17:08,286][4180][INFO][worm.py][get_link_info():104]## 获取求职页面有用信息
[2018-05-23 21:17:08,287][4180][INFO][worm.py][get_content():45]## 获取网页内容:http://jobs.zhaopin.com/CC567182689J00044049214.htm
[2018-05-23 21:17:08,729][4180][INFO][worm.py][get_link_info():104]## 获取求职页面有用信息
[2018-05-23 21:17:08,730][4180][INFO][worm.py][get_content():45]## 获取网页内容:http://jobs.zhaopin.com/491826231250688.htm
[2018-05-23 21:17:09,155][4180][INFO][worm.py][get_link_info():104]## 获取求职页面有用信息
[2018-05-23 21:17:09,156][4180][INFO][worm.py][get_content():45]## 获取网页内容:http://jobs.zhaopin.com/491826231250689.htm
[2018-05-23 21:17:09,582][4180][INFO][worm.py][get_link_info():104]## 获取求职页面有用信息
[2018-05-23 21:17:09,583][4180][INFO][worm.py][get_content():45]## 获取网页内容:http://jobs.zhaopin.com/CZ720090740J00085811003.htm
[2018-05-23 21:17:10,178][4180][INFO][worm.py][get_link_info():104]## 获取求职页面有用信息
[2018-05-23 21:17:10,178][4180][INFO][worm.py][get_content():45]## 获取网页内容:http://jobs.zhaopin.com/383694830252675.htm
[2018-05-23 21:17:10,488][4180][INFO][worm.py][get_link_info():104]## 获取求职页面有用信息
[2018-05-23 21:17:10,489][4180][INFO][worm.py][get_content():45]## 获取网页内容:http://jobs.zhaopin.com/120143601286493.htm
[2018-05-23 21:17:10,751][4180][INFO][worm.py][get_link_info():104]## 获取求职页面有用信息
[2018-05-23 21:17:10,751][4180][INFO][worm.py][get_content():45]## 获取网页内容:http://jobs.zhaopin.com/665079980250024.htm
[2018-05-23 21:17:11,023][4180][INFO][worm.py][get_link_info():104]## 获取求职页面有用信息
[2018-05-23 21:17:11,023][4180][INFO][worm.py][get_content():45]## 获取网页内容:http://jobs.zhaopin.com/681050636250049.htm
[2018-05-23 21:17:11,315][4180][INFO][worm.py][get_link_info():104]## 获取求职页面有用信息
[2018-05-23 21:17:11,315][4180][INFO][worm.py][get_content():45]## 获取网页内容:http://jobs.zhaopin.com/422509934250380.htm
[2018-05-23 21:17:12,607][4180][INFO][worm.py][get_link_info():104]## 获取求职页面有用信息
[2018-05-23 21:17:12,608][4180][INFO][worm.py][get_content():45]## 获取网页内容:http://jobs.zhaopin.com/383694830252661.htm
[2018-05-23 21:17:13,033][4180][INFO][worm.py][get_link_info():104]## 获取求职页面有用信息
[2018-05-23 21:17:13,033][4180][INFO][worm.py][get_content():45]## 获取网页内容:http://jobs.zhaopin.com/CC356498522J00108092905.htm
[2018-05-23 21:17:13,530][4180][INFO][worm.py][get_link_info():104]## 获取求职页面有用信息
[2018-05-23 21:17:13,530][4180][INFO][worm.py][get_content():45]## 获取网页内容:http://jobs.zhaopin.com/424628486267654.htm
[2018-05-23 21:17:14,057][4180][INFO][worm.py][get_link_info():104]## 获取求职页面有用信息
[2018-05-23 21:17:14,057][4180][INFO][worm.py][get_content():45]## 获取网页内容:http://jobs.zhaopin.com/538327932250031.htm
[2018-05-23 21:17:14,344][4180][INFO][worm.py][get_link_info():104]## 获取求职页面有用信息
[2018-05-23 21:17:14,344][4180][INFO][worm.py][get_content():45]## 获取网页内容:http://jobs.zhaopin.com/309839383250170.htm
[2018-05-23 21:17:14,698][4180][INFO][worm.py][get_link_info():104]## 获取求职页面有用信息
[2018-05-23 21:17:14,698][4180][INFO][worm.py][get_content():45]## 获取网页内容:http://jobs.zhaopin.com/CZ561512930J00035604111.htm
[2018-05-23 21:17:15,047][4180][INFO][worm.py][get_link_info():104]## 获取求职页面有用信息
[2018-05-23 21:17:15,048][4180][INFO][worm.py][get_content():45]## 获取网页内容:http://jobs.zhaopin.com/342243782250726.htm
[2018-05-23 21:17:15,257][4180][INFO][worm.py][get_link_info():104]## 获取求职页面有用信息
[2018-05-23 21:17:15,258][4180][INFO][worm.py][get_content():45]## 获取网页内容:http://jobs.zhaopin.com/463077021250013.htm
[2018-05-23 21:17:15,575][4180][INFO][worm.py][get_link_info():104]## 获取求职页面有用信息
[2018-05-23 21:17:15,576][4180][INFO][worm.py][get_content():45]## 获取网页内容:http://jobs.zhaopin.com/CC657780922J00104294605.htm
[2018-05-23 21:17:15,867][4180][INFO][worm.py][get_link_info():104]## 获取求职页面有用信息
[2018-05-23 21:17:15,868][4180][INFO][worm.py][get_content():45]## 获取网页内容:http://jobs.zhaopin.com/296721081258732.htm
[2018-05-23 21:17:16,195][4180][INFO][worm.py][get_link_info():104]## 获取求职页面有用信息
[2018-05-23 21:17:16,195][4180][INFO][worm.py][get_content():45]## 获取网页内容:http://jobs.zhaopin.com/296721081258733.htm
[2018-05-23 21:17:16,559][4180][INFO][worm.py][get_link_info():104]## 获取求职页面有用信息
[2018-05-23 21:17:16,559][4180][INFO][worm.py][get_content():45]## 获取网页内容:http://jobs.zhaopin.com/540177580250008.htm
[2018-05-23 21:17:16,882][4180][INFO][worm.py][get_link_info():104]## 获取求职页面有用信息
[2018-05-23 21:17:16,883][4180][INFO][worm.py][get_content():45]## 获取网页内容:http://jobs.zhaopin.com/566985081250089.htm
[2018-05-23 21:17:17,182][4180][INFO][worm.py][get_link_info():104]## 获取求职页面有用信息
[2018-05-23 21:17:17,182][4180][INFO][worm.py][get_content():45]## 获取网页内容:http://jobs.zhaopin.com/666360680250014.htm
[2018-05-23 21:17:17,482][4180][INFO][worm.py][get_link_info():104]## 获取求职页面有用信息
[2018-05-23 21:17:17,482][4180][INFO][worm.py][get_content():45]## 获取网页内容:http://jobs.zhaopin.com/356737324250310.htm
[2018-05-23 21:17:17,925][4180][INFO][worm.py][get_link_info():104]## 获取求职页面有用信息
[2018-05-23 21:17:17,925][4180][INFO][worm.py][get_content():45]## 获取网页内容:http://jobs.zhaopin.com/000278636260455.htm
[2018-05-23 21:17:18,456][4180][INFO][worm.py][get_link_info():104]## 获取求职页面有用信息
[2018-05-23 21:17:18,456][4180][INFO][worm.py][get_content():45]## 获取网页内容:http://jobs.zhaopin.com/267740183250095.htm
[2018-05-23 21:17:19,688][4180][INFO][worm.py][get_link_info():104]## 获取求职页面有用信息
[2018-05-23 21:17:19,689][4180][INFO][worm.py][get_content():45]## 获取网页内容:http://jobs.zhaopin.com/424628486270273.htm
[2018-05-23 21:17:20,212][4180][INFO][worm.py][get_link_info():104]## 获取求职页面有用信息
[2018-05-23 21:17:20,212][4180][INFO][worm.py][get_content():45]## 获取网页内容:http://jobs.zhaopin.com/296721081258730.htm
[2018-05-23 21:17:20,545][4180][INFO][worm.py][get_link_info():104]## 获取求职页面有用信息
[2018-05-23 21:17:20,545][4180][INFO][worm.py][get_content():45]## 获取网页内容:http://jobs.zhaopin.com/566985081250079.htm
[2018-05-23 21:17:20,883][4180][INFO][worm.py][get_link_info():104]## 获取求职页面有用信息
[2018-05-23 21:17:20,884][4180][INFO][worm.py][get_content():45]## 获取网页内容:http://jobs.zhaopin.com/420158487250066.htm
[2018-05-23 21:17:21,416][4180][INFO][worm.py][get_link_info():104]## 获取求职页面有用信息
[2018-05-23 21:17:21,417][4180][INFO][worm.py][get_content():45]## 获取网页内容:http://jobs.zhaopin.com/CC317933313J00072697004.htm
[2018-05-23 21:17:21,904][4180][INFO][worm.py][get_link_info():104]## 获取求职页面有用信息
[2018-05-23 21:17:21,904][4180][INFO][worm.py][get_content():45]## 获取网页内容:http://jobs.zhaopin.com/CZ601340430J00071251004.htm
[2018-05-23 21:17:22,213][4180][INFO][worm.py][get_link_info():104]## 获取求职页面有用信息
[2018-05-23 21:17:22,214][4180][INFO][worm.py][get_content():45]## 获取网页内容:http://jobs.zhaopin.com/565538130250498.htm
[2018-05-23 21:17:22,630][4180][INFO][worm.py][get_link_info():104]## 获取求职页面有用信息
[2018-05-23 21:17:22,630][4180][INFO][worm.py][get_content():45]## 获取网页内容:http://jobs.zhaopin.com/672108327254098.htm
[2018-05-23 21:17:22,922][4180][INFO][worm.py][get_link_info():104]## 获取求职页面有用信息
[2018-05-23 21:17:22,922][4180][INFO][worm.py][get_content():45]## 获取网页内容:http://jobs.zhaopin.com/146908425255346.htm
[2018-05-23 21:17:23,328][4180][INFO][worm.py][get_link_info():104]## 获取求职页面有用信息
[2018-05-23 21:17:23,328][4180][INFO][worm.py][get_content():45]## 获取网页内容:http://jobs.zhaopin.com/534901231250040.htm
[2018-05-23 21:17:23,643][4180][INFO][worm.py][get_link_info():104]## 获取求职页面有用信息
[2018-05-23 21:17:23,643][4180][INFO][worm.py][get_content():45]## 获取网页内容:http://jobs.zhaopin.com/CC649818985J00094719703.htm
[2018-05-23 21:17:24,019][4180][INFO][worm.py][get_link_info():104]## 获取求职页面有用信息
[2018-05-23 21:17:24,019][4180][INFO][worm.py][get_content():45]## 获取网页内容:http://jobs.zhaopin.com/557995082250139.htm
[2018-05-23 21:17:24,312][4180][INFO][worm.py][get_link_info():104]## 获取求职页面有用信息
[2018-05-23 21:17:24,313][4180][INFO][worm.py][get_content():45]## 获取网页内容:http://jobs.zhaopin.com/CZ561512930J00036065111.htm
[2018-05-23 21:17:24,608][4180][INFO][worm.py][get_link_info():104]## 获取求职页面有用信息
[2018-05-23 21:17:24,608][4180][INFO][worm.py][get_content():45]## 获取网页内容:http://jobs.zhaopin.com/296721081258755.htm
[2018-05-23 21:17:24,929][4180][INFO][worm.py][get_link_info():104]## 获取求职页面有用信息
[2018-05-23 21:17:24,929][4180][INFO][worm.py][get_content():45]## 获取网页内容:http://jobs.zhaopin.com/296721081258835.htm
[2018-05-23 21:17:25,224][4180][INFO][worm.py][get_link_info():104]## 获取求职页面有用信息
[2018-05-23 21:17:25,224][4180][INFO][worm.py][get_content():45]## 获取网页内容:http://jobs.zhaopin.com/CZ578553920J00156183101.htm
[2018-05-23 21:17:25,670][4180][INFO][worm.py][get_link_info():104]## 获取求职页面有用信息
[2018-05-23 21:17:25,670][4180][INFO][worm.py][get_content():45]## 获取网页内容:http://jobs.zhaopin.com/296721081259024.htm
[2018-05-23 21:17:26,054][4180][INFO][worm.py][get_link_info():104]## 获取求职页面有用信息
[2018-05-23 21:17:26,054][4180][INFO][worm.py][get_content():45]## 获取网页内容:http://jobs.zhaopin.com/CZ423624380J00051679007.htm
[2018-05-23 21:17:26,353][4180][INFO][worm.py][get_link_info():104]## 获取求职页面有用信息
[2018-05-23 21:17:26,353][4180][INFO][worm.py][get_content():45]## 获取网页内容:http://jobs.zhaopin.com/277128919250500.htm
[2018-05-23 21:17:26,810][4180][INFO][worm.py][get_link_info():104]## 获取求职页面有用信息
[2018-05-23 21:17:26,811][4180][INFO][worm.py][get_content():45]## 获取网页内容:http://jobs.zhaopin.com/274857234250597.htm
[2018-05-23 21:17:27,110][4180][INFO][worm.py][get_link_info():104]## 获取求职页面有用信息
[2018-05-23 21:17:27,111][4180][INFO][worm.py][get_content():45]## 获取网页内容:http://jobs.zhaopin.com/CC589962126J00041477811.htm
[2018-05-23 21:17:27,400][4180][INFO][worm.py][get_link_info():104]## 获取求职页面有用信息
[2018-05-23 21:17:27,400][4180][INFO][worm.py][get_content():45]## 获取网页内容:http://jobs.zhaopin.com/CC476222138J00056457506.htm
[2018-05-23 21:17:27,713][4180][INFO][worm.py][get_link_info():104]## 获取求职页面有用信息
[2018-05-23 21:17:27,714][4180][INFO][worm.py][get_content():45]## 获取网页内容:http://jobs.zhaopin.com/385474032250063.htm
[2018-05-23 21:17:28,011][4180][INFO][worm.py][get_link_info():104]## 获取求职页面有用信息
[2018-05-23 21:17:28,011][4180][INFO][worm.py][get_content():45]## 获取网页内容:http://jobs.zhaopin.com/385474032250139.htm
[2018-05-23 21:17:28,358][4180][INFO][worm.py][get_link_info():104]## 获取求职页面有用信息
[2018-05-23 21:17:28,359][4180][INFO][worm.py][get_content():45]## 获取网页内容:http://jobs.zhaopin.com/398792380250023.htm
[2018-05-23 21:17:28,801][4180][INFO][worm.py][get_link_info():104]## 获取求职页面有用信息
[2018-05-23 21:17:28,802][4180][INFO][worm.py][get_content():45]## 获取网页内容:http://jobs.zhaopin.com/CC120521078J00047995513.htm
[2018-05-23 21:17:29,174][4180][INFO][worm.py][get_link_info():104]## 获取求职页面有用信息
[2018-05-23 21:17:29,174][4180][INFO][worm.py][get_content():45]## 获取网页内容:http://jobs.zhaopin.com/CC133123302J00046224512.htm
[2018-05-23 21:17:29,450][4180][INFO][worm.py][get_link_info():104]## 获取求职页面有用信息
[2018-05-23 21:17:29,450][4180][INFO][worm.py][get_content():45]## 获取网页内容:http://jobs.zhaopin.com/CC221332128J00105169805.htm
[2018-05-23 21:17:29,756][4180][INFO][worm.py][get_link_info():104]## 获取求职页面有用信息
[2018-05-23 21:17:29,756][4180][INFO][worm.py][get_content():45]## 获取网页内容:http://jobs.zhaopin.com/CC244266381J00059856507.htm
[2018-05-23 21:17:29,933][4180][INFO][worm.py][get_link_info():104]## 获取求职页面有用信息
[2018-05-23 21:17:29,934][4180][INFO][worm.py][get_content():45]## 获取网页内容:http://jobs.zhaopin.com/CC509346586J00043935914.htm
[2018-05-23 21:17:30,278][4180][INFO][worm.py][get_link_info():104]## 获取求职页面有用信息
[2018-05-23 21:17:30,278][4180][INFO][worm.py][get_content():45]## 获取网页内容:http://jobs.zhaopin.com/507387428250006.htm
[2018-05-23 21:17:30,463][4180][INFO][worm.py][get_link_info():104]## 获取求职页面有用信息
[2018-05-23 21:17:30,463][4180][INFO][worm.py][get_content():45]## 获取网页内容:http://jobs.zhaopin.com/148527375250224.htm
[2018-05-23 21:17:30,748][4180][INFO][worm.py][get_link_info():104]## 获取求职页面有用信息
[2018-05-23 21:17:30,748][4180][INFO][worm.py][get_content():45]## 获取网页内容:http://jobs.zhaopin.com/CC278147116J00078570108.htm
[2018-05-23 21:17:30,933][4180][INFO][worm.py][get_link_info():104]## 获取求职页面有用信息
[2018-05-23 21:17:30,933][4180][INFO][worm.py][get_content():45]## 获取网页内容:http://jobs.zhaopin.com/CC130401722J00044327914.htm
[2018-05-23 21:17:31,256][4180][INFO][worm.py][get_link_info():104]## 获取求职页面有用信息
[2018-05-23 21:17:31,256][4180][INFO][worm.py][get_content():45]## 获取网页内容:http://jobs.zhaopin.com/CC649892284J00103689405.htm
[2018-05-23 21:17:31,472][4180][INFO][worm.py][get_link_info():104]## 获取求职页面有用信息
[2018-05-23 21:17:31,474][4180][INFO][worm.py][get_content():45]## 获取网页内容:http://jobs.zhaopin.com/687473488250080.htm
[2018-05-23 21:17:31,653][4180][INFO][worm.py][get_link_info():104]## 获取求职页面有用信息
[2018-05-23 21:17:31,653][4180][INFO][worm.py][get_content():45]## 获取网页内容:http://jobs.zhaopin.com/120625148250453.htm
[2018-05-23 21:17:31,851][4180][INFO][worm.py][get_link_info():104]## 获取求职页面有用信息
[2018-05-23 21:17:31,851][4180][INFO][worm.py][get_content():45]## 获取网页内容:http://jobs.zhaopin.com/CC247396713J00081989208.htm
[2018-05-23 21:17:32,040][4180][INFO][worm.py][get_link_info():104]## 获取求职页面有用信息
[2018-05-23 21:17:32,041][4180][INFO][worm.py][get_content():45]## 获取网页内容:http://jobs.zhaopin.com/CC323124912J00042523010.htm
[2018-05-23 21:17:32,232][4180][INFO][worm.py][get_link_info():104]## 获取求职页面有用信息
[2018-05-23 21:17:32,232][4180][INFO][worm.py][get_content():45]## 获取网页内容:http://jobs.zhaopin.com/120930180250095.htm
[2018-05-23 21:17:32,422][4180][INFO][worm.py][get_link_info():104]## 获取求职页面有用信息
[2018-05-23 21:17:32,422][4180][INFO][worm.py][get_content():45]## 获取网页内容:http://jobs.zhaopin.com/187832715250287.htm
[2018-05-23 21:17:32,635][4180][INFO][worm.py][get_link_info():104]## 获取求职页面有用信息
[2018-05-23 21:17:32,635][4180][INFO][worm.py][get_content():45]## 获取网页内容:http://jobs.zhaopin.com/532331623250069.htm
[2018-05-23 21:17:32,810][4180][INFO][worm.py][get_link_info():104]## 获取求职页面有用信息
[2018-05-23 21:17:32,810][4180][INFO][worm.py][get_content():45]## 获取网页内容:http://jobs.zhaopin.com/120562247250069.htm
[2018-05-23 21:17:33,005][4180][INFO][worm.py][get_link_info():104]## 获取求职页面有用信息
[2018-05-23 21:17:33,005][4180][INFO][worm.py][get_content():45]## 获取网页内容:http://jobs.zhaopin.com/CC265376139J00034015111.htm
[2018-05-23 21:17:33,189][4180][INFO][worm.py][get_link_info():104]## 获取求职页面有用信息
[2018-05-23 21:17:33,189][4180][INFO][worm.py][get_content():45]## 获取网页内容:http://jobs.zhaopin.com/CC529234527J00112674205.htm
[2018-05-23 21:17:33,418][4180][INFO][worm.py][get_link_info():104]## 获取求职页面有用信息
[2018-05-23 21:17:33,418][4180][INFO][worm.py][get_content():45]## 获取网页内容:http://jobs.zhaopin.com/CC509346586J00044703614.htm
[2018-05-23 21:17:33,710][4180][INFO][worm.py][get_link_info():104]## 获取求职页面有用信息
[2018-05-23 21:17:33,711][4180][INFO][worm.py][get_content():45]## 获取网页内容:http://jobs.zhaopin.com/145641624258542.htm
[2018-05-23 21:17:33,947][4180][INFO][worm.py][get_link_info():104]## 获取求职页面有用信息
[2018-05-23 21:17:33,947][4180][INFO][worm.py][get_content():45]## 获取网页内容:http://jobs.zhaopin.com/148527375250205.htm
[2018-05-23 21:17:34,251][4180][INFO][worm.py][get_link_info():104]## 获取求职页面有用信息
[2018-05-23 21:17:34,252][4180][INFO][worm.py][get_content():45]## 获取网页内容:http://jobs.zhaopin.com/687473589250065.htm
[2018-05-23 21:17:34,472][4180][INFO][worm.py][get_link_info():104]## 获取求职页面有用信息
[2018-05-23 21:17:34,472][4180][INFO][worm.py][get_content():45]## 获取网页内容:http://jobs.zhaopin.com/541027724250031.htm
[2018-05-23 21:17:34,789][4180][INFO][worm.py][get_link_info():104]## 获取求职页面有用信息
[2018-05-23 21:17:34,789][4180][INFO][worm.py][get_content():45]## 获取网页内容:http://jobs.zhaopin.com/340786113250020.htm
[2018-05-23 21:17:34,985][4180][INFO][worm.py][get_link_info():104]## 获取求职页面有用信息
[2018-05-23 21:17:34,986][4180][INFO][worm.py][get_content():45]## 获取网页内容:http://jobs.zhaopin.com/CZ709914780J00075251502.htm
[2018-05-23 21:17:35,262][4180][INFO][worm.py][get_link_info():104]## 获取求职页面有用信息
[2018-05-23 21:17:35,263][4180][INFO][worm.py][get_content():45]## 获取网页内容:http://jobs.zhaopin.com/224763818260159.htm
[2018-05-23 21:17:35,596][4180][INFO][worm.py][get_link_info():104]## 获取求职页面有用信息
[2018-05-23 21:17:35,596][4180][INFO][worm.py][get_content():45]## 获取网页内容:http://jobs.zhaopin.com/CZ318712280J00107428405.htm
[2018-05-23 21:17:35,903][4180][INFO][worm.py][get_link_info():104]## 获取求职页面有用信息
[2018-05-23 21:17:35,904][4180][INFO][worm.py][get_content():45]## 获取网页内容:http://jobs.zhaopin.com/163582814250187.htm
[2018-05-23 21:17:36,110][4180][INFO][worm.py][get_link_info():104]## 获取求职页面有用信息
[2018-05-23 21:17:36,110][4180][INFO][worm.py][get_content():45]## 获取网页内容:http://jobs.zhaopin.com/314022182250045.htm
[2018-05-23 21:17:36,316][4180][INFO][worm.py][get_link_info():104]## 获取求职页面有用信息
[2018-05-23 21:17:36,317][4180][INFO][worm.py][get_content():45]## 获取网页内容:http://jobs.zhaopin.com/CZ290563930J00069717302.htm
[2018-05-23 21:17:36,614][4180][INFO][worm.py][get_link_info():104]## 获取求职页面有用信息
[2018-05-23 21:17:36,615][4180][INFO][worm.py][get_content():45]## 获取网页内容:http://jobs.zhaopin.com/235575186260324.htm
[2018-05-23 21:17:36,867][4180][INFO][worm.py][get_link_info():104]## 获取求职页面有用信息
[2018-05-23 21:17:36,867][4180][INFO][worm.py][get_content():45]## 获取网页内容:http://jobs.zhaopin.com/120562247250099.htm
[2018-05-23 21:17:37,043][4180][INFO][worm.py][get_link_info():104]## 获取求职页面有用信息
[2018-05-23 21:17:37,043][4180][INFO][worm.py][get_content():45]## 获取网页内容:http://jobs.zhaopin.com/CC320525232J00044003515.htm
[2018-05-23 21:17:37,229][4180][INFO][worm.py][get_link_info():104]## 获取求职页面有用信息
[2018-05-23 21:17:37,229][4180][INFO][worm.py][get_content():45]## 获取网页内容:http://jobs.zhaopin.com/254805583250178.htm
[2018-05-23 21:17:37,489][4180][INFO][worm.py][get_link_info():104]## 获取求职页面有用信息
[2018-05-23 21:17:37,489][4180][INFO][worm.py][get_content():45]## 获取网页内容:http://jobs.zhaopin.com/CC247396713J00079408308.htm
[2018-05-23 21:17:37,671][4180][INFO][worm.py][get_link_info():104]## 获取求职页面有用信息
[2018-05-23 21:17:37,671][4180][INFO][worm.py][get_content():45]## 获取网页内容:http://jobs.zhaopin.com/342833217251043.htm
[2018-05-23 21:17:37,938][4180][INFO][worm.py][get_link_info():104]## 获取求职页面有用信息
[2018-05-23 21:17:37,938][4180][INFO][worm.py][get_content():45]## 获取网页内容:http://jobs.zhaopin.com/314022182250401.htm
[2018-05-23 21:17:38,132][4180][INFO][worm.py][get_link_info():104]## 获取求职页面有用信息
[2018-05-23 21:17:38,132][4180][INFO][worm.py][get_content():45]## 获取网页内容:http://jobs.zhaopin.com/408522281250095.htm
[2018-05-23 21:17:38,403][4180][INFO][worm.py][get_link_info():104]## 获取求职页面有用信息
[2018-05-23 21:17:38,403][4180][INFO][worm.py][get_content():45]## 获取网页内容:http://jobs.zhaopin.com/CZ895961740J00034003907.htm
[2018-05-23 21:17:38,672][4180][INFO][worm.py][get_link_info():104]## 获取求职页面有用信息
[2018-05-23 21:17:38,672][4180][INFO][worm.py][get_content():45]## 获取网页内容:http://jobs.zhaopin.com/630911386250010.htm
[2018-05-23 21:17:38,973][4180][INFO][worm.py][get_link_info():104]## 获取求职页面有用信息
[2018-05-23 21:17:38,973][4180][INFO][worm.py][get_content():45]## 获取网页内容:http://jobs.zhaopin.com/567763424250001.htm
[2018-05-23 21:17:39,271][4180][INFO][worm.py][get_link_info():104]## 获取求职页面有用信息
[2018-05-23 21:17:39,271][4180][INFO][worm.py][get_content():45]## 获取网页内容:http://jobs.zhaopin.com/CZ737646250J00047499213.htm
[2018-05-23 21:17:39,498][4180][INFO][worm.py][get_link_info():104]## 获取求职页面有用信息
[2018-05-23 21:17:39,499][4180][INFO][worm.py][get_content():45]## 获取网页内容:http://jobs.zhaopin.com/413438931250198.htm
[2018-05-23 21:17:39,713][4180][INFO][worm.py][get_link_info():104]## 获取求职页面有用信息
[2018-05-23 21:17:39,713][4180][INFO][worm.py][get_content():45]## 获取网页内容:http://jobs.zhaopin.com/CC143203522J00044441013.htm
[2018-05-23 21:17:39,903][4180][INFO][worm.py][get_link_info():104]## 获取求职页面有用信息
[2018-05-23 21:17:39,903][4180][INFO][worm.py][get_content():45]## 获取网页内容:http://jobs.zhaopin.com/CC342833217J00071695502.htm
[2018-05-23 21:17:40,196][4180][INFO][worm.py][get_link_info():104]## 获取求职页面有用信息
[2018-05-23 21:17:40,196][4180][INFO][worm.py][get_content():45]## 获取网页内容:http://jobs.zhaopin.com/479050586250020.htm
[2018-05-23 21:17:40,396][4180][INFO][worm.py][get_link_info():104]## 获取求职页面有用信息
[2018-05-23 21:17:40,396][4180][INFO][worm.py][get_content():45]## 获取网页内容:http://jobs.zhaopin.com/CZ895961740J00097816007.htm
[2018-05-23 21:17:40,665][4180][INFO][worm.py][get_link_info():104]## 获取求职页面有用信息
[2018-05-23 21:17:40,665][4180][INFO][worm.py][get_content():45]## 获取网页内容:http://jobs.zhaopin.com/CC213648788J00115283307.htm
[2018-05-23 21:17:40,846][4180][INFO][worm.py][get_link_info():104]## 获取求职页面有用信息
[2018-05-23 21:17:40,846][4180][INFO][worm.py][get_content():45]## 获取网页内容:http://jobs.zhaopin.com/CC356144922J00101397005.htm
[2018-05-23 21:17:41,102][4180][INFO][worm.py][get_link_info():104]## 获取求职页面有用信息
[2018-05-23 21:17:41,102][4180][INFO][worm.py][get_content():45]## 获取网页内容:http://jobs.zhaopin.com/491937182250000.htm
[2018-05-23 21:17:41,412][4180][INFO][worm.py][get_link_info():104]## 获取求职页面有用信息
[2018-05-23 21:17:41,412][4180][INFO][worm.py][get_content():45]## 获取网页内容:http://jobs.zhaopin.com/CC447375014J00041571312.htm
[2018-05-23 21:17:42,043][4180][INFO][worm.py][get_link_info():104]## 获取求职页面有用信息
[2018-05-23 21:17:42,043][4180][INFO][worm.py][get_content():45]## 获取网页内容:http://jobs.zhaopin.com/CC120930180J00047715109.htm
[2018-05-23 21:17:42,466][4180][INFO][worm.py][get_link_info():104]## 获取求职页面有用信息
[2018-05-23 21:17:42,467][4180][INFO][worm.py][get_content():45]## 获取网页内容:http://jobs.zhaopin.com/532331623250027.htm
[2018-05-23 21:17:42,718][4180][INFO][worm.py][get_link_info():104]## 获取求职页面有用信息
[2018-05-23 21:17:42,718][4180][INFO][worm.py][get_content():45]## 获取网页内容:http://jobs.zhaopin.com/CC408522281J00112900505.htm
[2018-05-23 21:17:42,917][4180][INFO][worm.py][get_link_info():104]## 获取求职页面有用信息
[2018-05-23 21:17:42,917][4180][INFO][worm.py][get_content():45]## 获取网页内容:http://jobs.zhaopin.com/CC470159119J00075011508.htm
[2018-05-23 21:17:43,115][4180][INFO][worm.py][get_link_info():104]## 获取求职页面有用信息
[2018-05-23 21:17:43,115][4180][INFO][worm.py][get_content():45]## 获取网页内容:http://jobs.zhaopin.com/130180877252615.htm
[2018-05-23 21:17:43,286][4180][INFO][worm.py][get_link_info():104]## 获取求职页面有用信息
[2018-05-23 21:17:43,287][4180][INFO][worm.py][get_content():45]## 获取网页内容:http://jobs.zhaopin.com/CC567182689J00044049214.htm
[2018-05-23 21:17:43,729][4180][INFO][worm.py][get_link_info():104]## 获取求职页面有用信息
[2018-05-23 21:17:43,729][4180][INFO][worm.py][get_content():45]## 获取网页内容:http://jobs.zhaopin.com/CZ720090740J00085811003.htm
[2018-05-23 21:17:44,010][4180][INFO][worm.py][get_link_info():104]## 获取求职页面有用信息
[2018-05-23 21:17:44,011][4180][INFO][worm.py][get_content():45]## 获取网页内容:http://jobs.zhaopin.com/383694830252675.htm
[2018-05-23 21:17:44,207][4180][INFO][worm.py][get_link_info():104]## 获取求职页面有用信息
[2018-05-23 21:17:44,207][4180][INFO][worm.py][get_content():45]## 获取网页内容:http://jobs.zhaopin.com/120143601286493.htm
[2018-05-23 21:17:44,417][4180][INFO][worm.py][get_link_info():104]## 获取求职页面有用信息
[2018-05-23 21:17:44,417][4180][INFO][worm.py][get_content():45]## 获取网页内容:http://jobs.zhaopin.com/665079980250024.htm
[2018-05-23 21:17:44,598][4180][INFO][worm.py][get_link_info():104]## 获取求职页面有用信息
[2018-05-23 21:17:44,599][4180][INFO][worm.py][get_content():45]## 获取网页内容:http://jobs.zhaopin.com/681050636250049.htm
[2018-05-23 21:17:44,784][4180][INFO][worm.py][get_link_info():104]## 获取求职页面有用信息
[2018-05-23 21:17:44,784][4180][INFO][worm.py][get_content():45]## 获取网页内容:http://jobs.zhaopin.com/383694830252661.htm
[2018-05-23 21:17:44,971][4180][INFO][worm.py][get_link_info():104]## 获取求职页面有用信息
[2018-05-23 21:17:44,972][4180][INFO][worm.py][get_content():45]## 获取网页内容:http://jobs.zhaopin.com/577093031250529.htm
[2018-05-23 21:17:45,437][4180][INFO][worm.py][get_link_info():104]## 获取求职页面有用信息
[2018-05-23 21:17:45,437][4180][INFO][worm.py][get_content():45]## 获取网页内容:http://jobs.zhaopin.com/577093031250996.htm
[2018-05-23 21:17:45,717][4180][INFO][worm.py][get_link_info():104]## 获取求职页面有用信息
[2018-05-23 21:17:45,717][4180][INFO][worm.py][get_content():45]## 获取网页内容:http://jobs.zhaopin.com/309839383250170.htm
[2018-05-23 21:17:45,969][4180][INFO][worm.py][get_link_info():104]## 获取求职页面有用信息
[2018-05-23 21:17:45,969][4180][INFO][worm.py][get_content():45]## 获取网页内容:http://jobs.zhaopin.com/CZ561512930J00035604111.htm
[2018-05-23 21:17:46,216][4180][INFO][worm.py][get_link_info():104]## 获取求职页面有用信息
[2018-05-23 21:17:46,216][4180][INFO][worm.py][get_content():45]## 获取网页内容:http://jobs.zhaopin.com/342243782250726.htm
[2018-05-23 21:17:46,411][4180][INFO][worm.py][get_link_info():104]## 获取求职页面有用信息
[2018-05-23 21:17:46,411][4180][INFO][worm.py][get_content():45]## 获取网页内容:http://jobs.zhaopin.com/463077021250013.htm
[2018-05-23 21:17:46,598][4180][INFO][worm.py][get_link_info():104]## 获取求职页面有用信息
[2018-05-23 21:17:46,599][4180][INFO][worm.py][get_content():45]## 获取网页内容:http://jobs.zhaopin.com/296721081258732.htm
[2018-05-23 21:17:46,780][4180][INFO][worm.py][get_link_info():104]## 获取求职页面有用信息
[2018-05-23 21:17:46,780][4180][INFO][worm.py][get_content():45]## 获取网页内容:http://jobs.zhaopin.com/296721081258733.htm
[2018-05-23 21:17:46,974][4180][INFO][worm.py][get_link_info():104]## 获取求职页面有用信息
[2018-05-23 21:17:46,974][4180][INFO][worm.py][get_content():45]## 获取网页内容:http://jobs.zhaopin.com/CZ721567280J00078388001.htm
[2018-05-23 21:17:47,285][4180][INFO][worm.py][get_link_info():104]## 获取求职页面有用信息
[2018-05-23 21:17:47,286][4180][INFO][worm.py][get_content():45]## 获取网页内容:http://jobs.zhaopin.com/566985081250089.htm
[2018-05-23 21:17:47,517][4180][INFO][worm.py][get_link_info():104]## 获取求职页面有用信息
[2018-05-23 21:17:47,518][4180][INFO][worm.py][get_content():45]## 获取网页内容:http://jobs.zhaopin.com/666360680250014.htm
[2018-05-23 21:17:47,752][4180][INFO][worm.py][get_link_info():104]## 获取求职页面有用信息
[2018-05-23 21:17:47,752][4180][INFO][worm.py][get_content():45]## 获取网页内容:http://jobs.zhaopin.com/356737324250310.htm
[2018-05-23 21:17:48,072][4180][INFO][worm.py][get_link_info():104]## 获取求职页面有用信息
[2018-05-23 21:17:48,073][4180][INFO][worm.py][get_content():45]## 获取网页内容:http://jobs.zhaopin.com/577092783250687.htm
[2018-05-23 21:17:48,408][4180][INFO][worm.py][get_link_info():104]## 获取求职页面有用信息
[2018-05-23 21:17:48,409][4180][INFO][worm.py][get_content():45]## 获取网页内容:http://jobs.zhaopin.com/000278636260455.htm
[2018-05-23 21:17:48,659][4180][INFO][worm.py][get_link_info():104]## 获取求职页面有用信息
[2018-05-23 21:17:48,659][4180][INFO][worm.py][get_content():45]## 获取网页内容:http://jobs.zhaopin.com/296721081258730.htm
[2018-05-23 21:17:48,876][4180][INFO][worm.py][get_link_info():104]## 获取求职页面有用信息
[2018-05-23 21:17:48,877][4180][INFO][worm.py][get_content():45]## 获取网页内容:http://jobs.zhaopin.com/566985081250079.htm
[2018-05-23 21:17:49,064][4180][INFO][worm.py][get_link_info():104]## 获取求职页面有用信息
[2018-05-23 21:17:49,064][4180][INFO][worm.py][get_content():45]## 获取网页内容:http://jobs.zhaopin.com/267740183250095.htm
[2018-05-23 21:17:49,418][4180][INFO][worm.py][get_link_info():104]## 获取求职页面有用信息
[2018-05-23 21:17:49,418][4180][INFO][worm.py][get_content():45]## 获取网页内容:http://jobs.zhaopin.com/420158487250066.htm
[2018-05-23 21:17:49,610][4180][INFO][worm.py][get_link_info():104]## 获取求职页面有用信息
[2018-05-23 21:17:49,610][4180][INFO][worm.py][get_content():45]## 获取网页内容:http://jobs.zhaopin.com/CC317933313J00072697004.htm
[2018-05-23 21:17:49,874][4180][INFO][worm.py][get_link_info():104]## 获取求职页面有用信息
[2018-05-23 21:17:49,875][4180][INFO][worm.py][get_content():45]## 获取网页内容:http://jobs.zhaopin.com/146908425255346.htm
[2018-05-23 21:17:50,100][4180][INFO][worm.py][get_link_info():104]## 获取求职页面有用信息
[2018-05-23 21:17:50,101][4180][INFO][worm.py][get_content():45]## 获取网页内容:http://jobs.zhaopin.com/534901231250040.htm
[2018-05-23 21:17:50,281][4180][INFO][worm.py][get_link_info():104]## 获取求职页面有用信息
[2018-05-23 21:17:50,281][4180][INFO][worm.py][get_content():45]## 获取网页内容:http://jobs.zhaopin.com/565538130250498.htm
[2018-05-23 21:17:50,471][4180][INFO][worm.py][get_link_info():104]## 获取求职页面有用信息
[2018-05-23 21:17:50,472][4180][INFO][worm.py][get_content():45]## 获取网页内容:http://jobs.zhaopin.com/CZ505008580J00078706503.htm
[2018-05-23 21:17:50,914][4180][INFO][worm.py][get_link_info():104]## 获取求职页面有用信息
[2018-05-23 21:17:50,914][4180][INFO][worm.py][get_content():45]## 获取网页内容:http://jobs.zhaopin.com/CZ561512930J00036065111.htm
[2018-05-23 21:17:51,106][4180][INFO][worm.py][get_link_info():104]## 获取求职页面有用信息
[2018-05-23 21:17:51,106][4180][INFO][worm.py][get_content():45]## 获取网页内容:http://jobs.zhaopin.com/296721081258755.htm
[2018-05-23 21:17:51,295][4180][INFO][worm.py][get_link_info():104]## 获取求职页面有用信息
[2018-05-23 21:17:51,296][4180][INFO][worm.py][get_content():45]## 获取网页内容:http://jobs.zhaopin.com/296721081258835.htm
[2018-05-23 21:17:51,480][4180][INFO][worm.py][get_link_info():104]## 获取求职页面有用信息
[2018-05-23 21:17:51,480][4180][INFO][worm.py][get_content():45]## 获取网页内容:http://jobs.zhaopin.com/277128919250500.htm
[2018-05-23 21:17:51,770][4180][INFO][worm.py][get_link_info():104]## 获取求职页面有用信息
[2018-05-23 21:17:51,771][4180][INFO][worm.py][get_content():45]## 获取网页内容:http://jobs.zhaopin.com/296721081259024.htm
[2018-05-23 21:17:51,982][4180][INFO][worm.py][get_link_info():104]## 获取求职页面有用信息
[2018-05-23 21:17:51,982][4180][INFO][worm.py][get_content():45]## 获取网页内容:http://jobs.zhaopin.com/274857234250597.htm
[2018-05-23 21:17:52,202][4180][INFO][worm.py][get_link_info():104]## 获取求职页面有用信息
[2018-05-23 21:17:52,202][4180][INFO][worm.py][get_content():45]## 获取网页内容:http://jobs.zhaopin.com/385474032250063.htm
[2018-05-23 21:17:52,392][4180][INFO][worm.py][get_link_info():104]## 获取求职页面有用信息
[2018-05-23 21:17:52,392][4180][INFO][worm.py][get_content():45]## 获取网页内容:http://jobs.zhaopin.com/385474032250139.htm
[2018-05-23 21:17:52,759][4180][INFO][worm.py][get_link_info():104]## 获取求职页面有用信息
[2018-05-23 21:17:52,760][4180][INFO][worm.py][get_content():45]## 获取网页内容:http://jobs.zhaopin.com/438754534250040.htm
[2018-05-23 21:17:53,046][4180][INFO][worm.py][get_link_info():104]## 获取求职页面有用信息
[2018-05-23 21:17:53,047][4180][INFO][worm.py][get_content():45]## 获取网页内容:http://jobs.zhaopin.com/CC439927685J00157775601.htm
[2018-05-23 21:17:53,331][4180][INFO][worm.py][get_link_info():104]## 获取求职页面有用信息
[2018-05-23 21:17:53,331][4180][INFO][worm.py][get_content():45]## 获取网页内容:http://jobs.zhaopin.com/670239225252018.htm
[2018-05-23 21:17:53,634][4180][INFO][worm.py][get_link_info():104]## 获取求职页面有用信息
[2018-05-23 21:17:53,634][4180][INFO][worm.py][get_content():45]## 获取网页内容:http://jobs.zhaopin.com/CC514689632J00067720904.htm
[2018-05-23 21:17:53,950][4180][INFO][worm.py][get_link_info():104]## 获取求职页面有用信息
[2018-05-23 21:17:53,950][4180][INFO][worm.py][get_content():45]## 获取网页内容:http://jobs.zhaopin.com/385077238250592.htm
[2018-05-23 21:17:54,272][4180][INFO][worm.py][get_link_info():104]## 获取求职页面有用信息
[2018-05-23 21:17:54,272][4180][INFO][worm.py][get_content():45]## 获取网页内容:http://jobs.zhaopin.com/399176417250372.htm
[2018-05-23 21:17:54,603][4180][INFO][worm.py][get_link_info():104]## 获取求职页面有用信息
[2018-05-23 21:17:54,604][4180][INFO][worm.py][get_content():45]## 获取网页内容:http://jobs.zhaopin.com/547535726250012.htm
[2018-05-23 21:17:55,064][4180][INFO][worm.py][get_link_info():104]## 获取求职页面有用信息
[2018-05-23 21:17:55,065][4180][INFO][worm.py][get_content():45]## 获取网页内容:http://jobs.zhaopin.com/CC287533784J00105687503.htm
[2018-05-23 21:17:55,531][4180][INFO][worm.py][get_link_info():104]## 获取求职页面有用信息
[2018-05-23 21:17:55,531][4180][INFO][worm.py][get_content():45]## 获取网页内容:http://jobs.zhaopin.com/383694830252658.htm
[2018-05-23 21:17:55,946][4180][INFO][worm.py][get_link_info():104]## 获取求职页面有用信息
[2018-05-23 21:17:55,947][4180][INFO][worm.py][get_content():45]## 获取网页内容:http://jobs.zhaopin.com/679322686250016.htm
[2018-05-23 21:17:56,264][4180][INFO][worm.py][get_link_info():104]## 获取求职页面有用信息
[2018-05-23 21:17:56,264][4180][INFO][worm.py][get_content():45]## 获取网页内容:http://jobs.zhaopin.com/CZ757359580J00015023607.htm
[2018-05-23 21:17:56,611][4180][INFO][worm.py][get_link_info():104]## 获取求职页面有用信息
[2018-05-23 21:17:56,611][4180][INFO][worm.py][get_content():45]## 获取网页内容:http://jobs.zhaopin.com/296721081258773.htm
[2018-05-23 21:17:56,931][4180][INFO][worm.py][get_link_info():104]## 获取求职页面有用信息
[2018-05-23 21:17:56,932][4180][INFO][worm.py][get_content():45]## 获取网页内容:http://jobs.zhaopin.com/566985188250309.htm
[2018-05-23 21:17:57,268][4180][INFO][worm.py][get_link_info():104]## 获取求职页面有用信息
[2018-05-23 21:17:57,268][4180][INFO][worm.py][get_content():45]## 获取网页内容:http://jobs.zhaopin.com/146993425250168.htm
[2018-05-23 21:17:57,692][4180][INFO][worm.py][get_link_info():104]## 获取求职页面有用信息
[2018-05-23 21:17:57,693][4180][INFO][worm.py][get_content():45]## 获取网页内容:http://jobs.zhaopin.com/565538130250361.htm
[2018-05-23 21:17:58,149][4180][INFO][worm.py][get_link_info():104]## 获取求职页面有用信息
[2018-05-23 21:17:58,150][4180][INFO][worm.py][get_content():45]## 获取网页内容:http://jobs.zhaopin.com/296721081259126.htm
[2018-05-23 21:17:58,586][4180][INFO][worm.py][get_link_info():104]## 获取求职页面有用信息
[2018-05-23 21:17:58,586][4180][INFO][worm.py][get_content():45]## 获取网页内容:http://jobs.zhaopin.com/618654037250666.htm
[2018-05-23 21:17:58,886][4180][INFO][worm.py][get_link_info():104]## 获取求职页面有用信息
[2018-05-23 21:17:58,887][4180][INFO][worm.py][get_content():45]## 获取网页内容:http://jobs.zhaopin.com/565538130250048.htm
[2018-05-23 21:17:59,248][4180][INFO][worm.py][get_link_info():104]## 获取求职页面有用信息
[2018-05-23 21:17:59,249][4180][INFO][worm.py][get_content():45]## 获取网页内容:http://jobs.zhaopin.com/577092783251306.htm
[2018-05-23 21:17:59,592][4180][INFO][worm.py][get_link_info():104]## 获取求职页面有用信息
[2018-05-23 21:17:59,592][4180][INFO][worm.py][get_content():45]## 获取网页内容:http://jobs.zhaopin.com/574945789250002.htm
[2018-05-23 21:17:59,935][4180][INFO][worm.py][get_link_info():104]## 获取求职页面有用信息
[2018-05-23 21:17:59,935][4180][INFO][worm.py][get_content():45]## 获取网页内容:http://jobs.zhaopin.com/130943075250795.htm
[2018-05-23 21:18:00,218][4180][INFO][worm.py][get_link_info():104]## 获取求职页面有用信息
[2018-05-23 21:18:00,218][4180][INFO][worm.py][get_content():45]## 获取网页内容:http://jobs.zhaopin.com/CC484541539J00041779215.htm
[2018-05-23 21:18:00,565][4180][INFO][worm.py][get_link_info():104]## 获取求职页面有用信息
[2018-05-23 21:18:00,566][4180][INFO][worm.py][get_content():45]## 获取网页内容:http://jobs.zhaopin.com/622940439251206.htm
[2018-05-23 21:18:00,863][4180][INFO][dataoptions.py][format():31]## 规范化数据
[2018-05-23 21:18:01,283][4180][INFO][dataoptions.py][statisticalAlltoOracle():77]## 统计所有的城市/职位信息
[2018-05-23 21:18:03,015][4180][INFO][oracleoptions.py][save_to_oracle_int():117]## 以整数形式保存到数据库tmp
>>>>>>> 姣璁/master
