[2018-02-08 15:12:51,087][12172][log.py][line: 43][INFO] ## 'gbk' codec can't encode character '\u200b' in position 175: illegal multibyte sequence
[2018-02-08 15:12:51,442][12172][log.py][line: 43][INFO] ## 'gbk' codec can't encode character '\u200b' in position 180: illegal multibyte sequence
[2018-02-08 15:12:53,155][12172][log.py][line: 43][INFO] ## 'gbk' codec can't encode character '\u200b' in position 181: illegal multibyte sequence
[2018-02-08 15:12:53,479][12172][log.py][line: 43][INFO] ## ORA-01704: 字符串文字太长
[2018-02-08 15:12:53,480][12172][log.py][line: 47][INFO] ## err data:
网址: http://jobs.zhaopin.com/120625148250439.htm
工作名称: .Net开发工程师
公司名称: Perficient博克软件(杭州)有限公司
公司网址: http://special.zhaopin.com/2016/hz/perf080485
福利: 五险一金年底双薪交通补助餐补带薪年假弹性工作补充医疗保险定期体检
月工资: 8001-10000元/月
发布日期: 2018-02-06 13:14:47
经验: 3-5年
人数: 10人
工作地点: 杭州-滨江区
工作性质: 全职
最低学历: 不限
职位类别: 软件工程师
公司规模: 1000-9999人
公司性质: 外商独资
公司行业: 计算机软件
职位描述: RESPONSIBILITIESHelpsdesignandimplementfunctionalmiddletiersoftwareandservicedevelopmentwhereperformanceisachievedby1.Wellwrittencodeagainstahighbarforexcellence2.Thoroughandcompleteunittesting3.Attentiontodetailtoreducecodechurnandrefactoring4.Understandingofdomainanddesign5.Executedwithpeercollaboration6.Engagedwiththeobservanceofbestpracticeenforcementwithahighdegreeofpatternrecognition7.Ownershiptakenthroughcodelifecycle,followingcontinuousintegration,codecoverageandchangemanagement.ParticipatesinAgileSCRUMenvironmentasaviableteammember,makingtimelyappearancesatallSCRUMmeetings,fordailySCRUMs,sprintplanningsessions,sprintretrospectives,plusanyotherrequiredinvolvementrelatingtothedevelopmentprocess.Accustomedtoservingasanengineeringleaderinconstantlychanging,dynamicenvironmentsanddedicatedtothehigheststandardsinsoftware.Cantakecurrentcodeprescriptionsandpatternsandadoptthemasexpected,recognizingwhereneededthatmajorrefactoring,oranalternativeimplementationmaynotbeappropriategiventhenatureofthetimelinesandscopeofthedeliverables.CantakeinstructionandactuponitResponsibleforwritingcodethatadherestononfunctionalrequirementsincluding,butnotlimitedto,performance,security,availability,reliability,maintainabilitywillprovideproductionsupport,evaluateandtroubleshoot.NETcodeandsystemfailuresanddiscrepanciesanalyzeperformanceanddesigninefficienciesstayabreastofthelatesttechnologiesandtoolsbeingusedtoimproveITdevelopmentanddelivery.Practicesproperdocumentationoftechnicaldesignandimplementationonaregularbasisforthebenefitofthewideraudienceneedingtounderstandsolution,includinganaudienceorarchitectsandotherengineersontheteam.CoordinatesdevelopmentteamdeliverablestoensurequalityreleasemanagementintotheQAandProductionenvironments.Staysengagedandisabletomakesrecommendationstoimproveoverallquality,efficiencyandmaintainabilityofcode.REQUIREMENTS3yearsdevelopingenterpriseapplicationsusingtheMicrosoftplatform.3yearswithstrongandcurrentClanguageskills3yearsoffulllifecycledevelopmentandarchitectingexperienceendtoendntier,solutionsusingCand.NETplatform.3yearsstrongSQLskillswithdevelopmentknowledgeandexperience.ExperiencewithUnitTestprojects,properunittestdevelopmentdesignandimplementation.Fluentinforemostdesignpatternsoftheday,suchasSOLID,IOC,servicelocator,etc.,StronginSDLCwithexperienceinAgilesoftwarelifecycles.Abilitytoplan,process,andperformtasksinanefficientmannerwithlittleornosupervisionExtensiveexperiencewithMicrosoftClanguagetechnologiesLinq,EntityFramework,XMLXSD,webservicesSOAPREST,WCFServiceconstructionanddeployment,webservicesecurity.Strongattentiontodetailforwritingerrorfree,highlyefficientandreliablecode.StrongMSSQLdatabaseknowledgeanddevelopmentexperience.SSISknowledgeandexperienceviewedasastrongplus.Experiencedesigninglargeenterpriseapplicationswithenterpriseworkflowandbusinessprocessintegrationcomponents.Experiencewithdeployingrichmiddleandbackendtiersforenterpriseworthy,robust,highavailability,clusteredenvironment.Experienceinsoftwareconfigurationmanagementandchangecontrol.ConversantinEntityleveldesign.ExperiencewithTDDtechnologiesandmethodologies,includingmockframeworkssuchasRhinoMocksExperiencewithqueuingandservicebustechnologies.ExperiencewithServiceOrientedArchitectureSOAenterprisetechnologyincomplex,heterogeneousenvironments,includingstrongandthoroughknowledgeofWCF,RESTandthetechnologytheseSOAplatformsuse.Strongverbalandwrittenskills.Abilitytocreateanddeliverdetailedtechnicalpresentations.Stronginterpersonalskills,includingtheabilitytoworkacrosstheorganizationandinteractinfluencenegotiateeffectivelyatalllevelsofmanagementandpeers.Superiorplanningandorganizationalskillswiththeabilitytoprioritizeandhandlelargeworkloads,facilitatetheactivitiesofdynamicworkgroups,andmultitaskinafastpacedanddemandingenvironment.DESIREDSKILLSExperiencewithtools,designidiomsandtechnologiesincludingrefactoringtopatterns,testdrivendevelopment,enterprisedesignarchitecturePatterns,Ntierlayeredarchitectures,ServiceOrientedArchitecture,distributedapplicationdevelopment,ObjectOrientedAnalysisDesign,DomainDrivenDesign,WindowsCommunicationFoundation,multithreadedapplications,dependencyinjectionIoCcontainersandakeeneyeforperformanceoptimization.Bankingandorcreditdebitcardsystemsstoredvaluesystems,etc.experience.Experiencewithrealtimetransactionormessagingprocessingsystems.KnowledgeofnetworkcommunicationsmethodologiesGoodknowledgeofsecurityandencryptionprocessesandprocedures工作地址滨江区阡陌路459号聚光科技物联网基地，距地铁一号线江陵路站565米，步行10分钟查看职位地图
是否失效: 否
[2018-02-08 15:12:54,586][12172][log.py][line: 43][INFO] ## 'gbk' codec can't encode character '\x9f' in position 175: illegal multibyte sequence
[2018-02-08 15:12:55,729][12172][log.py][line: 43][INFO] ## 'gbk' codec can't encode character '\uf06e' in position 175: illegal multibyte sequence
[2018-02-08 15:12:57,570][12172][log.py][line: 43][INFO] ## 'gbk' codec can't encode character '\uf06e' in position 175: illegal multibyte sequence
[2018-02-08 15:12:58,186][12172][log.py][line: 43][INFO] ## 'gbk' codec can't encode character '\uf06e' in position 175: illegal multibyte sequence
[2018-02-08 15:12:58,861][12172][log.py][line: 43][INFO] ## ORA-01704: 字符串文字太长
[2018-02-08 15:12:58,862][12172][log.py][line: 47][INFO] ## err data:
网址: http://jobs.zhaopin.com/663551520250390.htm
工作名称: Software Engineer
公司名称: 思杰系统信息技术(北京)有限公司上海分公司
公司网址: http://company.zhaopin.com/CC663551520.htm
福利: 五险一金弹性工作补充医疗保险免费班车
月工资: 10001-15000元/月
发布日期: 2018-02-08 10:59:33
经验: 不限
人数: 1人
工作地点: 南京-江宁区
工作性质: 全职
最低学历: 本科
职位类别: 软件工程师
公司规模: 1000-9999人
公司性质: 外商独资
公司行业: 计算机软件
职位描述: ObjectiveofPositionTheSoftwareEngineerdevelops,troubleshoots,testsanddebugssoftwarecomponentsofmoderatescopeandcomplexitysharesresponsibilityforplanningandimplementationwithteammembersandassumesincreasingresponsibilityasasolidtechnicalcontributorinagroupappliesunderstandingofhowsoftwareproductsgetdeveloped,testedandmaintained,howprojectsareplannedandexecuted,andhowsystemsengineeringisdone,gainedfromanumberofpreviouslycompletedprojectsandmayworkontechnicalsolutionsinaparticularareaofspecialty.Theincumbentsoutputwillbepeerreviewed,andtheengineerwillbeacapablepeerreviewerofotherteammemberswork.PrincipalResponsibilitiesAppliesexperienceintheapplicationofsoftwaredevelopmentmethodologiestocompleteassignmentstorequiredstandardsofqualityandtimeliness,whileexpandingexperienceandknowledgeinareasofassignmentsparticipatesinwritingsoftwarerequirementsanddesignspecificationsforassignedprojectscontributestoprojectapproach,methodologyselection,projectplanning,reviewingtheworkproductsofothers,andstatusreportingplansandconductstaskstoimplementdesignrequirementstoproducehighqualitysoftwareworksinmultiplesubdisciplinesofsoftwareandsystemsengineeringthesesubdisciplinesincluderequirementdevelopment,productdesign,softwareestimation,softwaredesign,softwareconstructioncoding,softwaretest,softwareperformancemeasurement,softwareproductinformationcreationandsoftwaremaintenanceConductssmallerdevelopmentprojectsindependentlyperformsspecificportionsofbroaderprojectsmanagedbysupervisorsolicitsinputandexpertiseasnecessaryfromhigherlevelengineerstocarryoutassignmentscorrectlyActivelysupportsandappliesthecompanyssoftwareengineeringprocessesandstandardswithinthegroupCommunicatestechnicalissueswithinscopeofassignmentEstablishesandmaintainsthoroughandaccuratedocumentationofallworkcommunicatestechnicalissueswithinscopeofassignmentsassistswithtechnicalspecificationdocumentationandreviewImplements,unittests,debugsandintegratescodeofmoderatecomplexitywritesandconductsteststoverifythefunctionality,accuracy,andefficiencyofdevelopedorenhancedsoftwareContributestoworkpracticeimprovementthroughparticipationinpostprojectreviews,andworkpracticeimprovementgroupsmaintainscontinuousqualityimprovementinmeetinginternalandexternalcustomerrequirementsCoordinatesowndevelopmentactivitiesonroutineworkandcooperateswithotherprogrammersandscrumteammembersontechnicalaspectsrelatedtotheprojectWorkswithotherengineeringteamsontechnicalmattersandmayworkwithvendorsorcustomersontechnicalinformation,handlingescalationissues,ormodificationsrelatedtoprojectsKeepsabreastoftechnicaltrends,developsknowledgeandskillsandincorporatesthemwithinassignmentsasappropriaterecommendsimprovementsandchangesindesignsandgivesprofessionalappraisalonphasesofthedesigninwhichtheindividualisparticularlytrainedorexperiencedKnowledgeandSkillsBachelorsdegreeorequivalentincomputerscience,electricalengineering,orrelatedfieldispreferred,withapproximately2yearsofdirectlyrelatedworkexperiencenoactualworkexperiencemayberequiredforindividualsholdingaMastersorhigherdegreeinoneofthesefieldsequivalentexperiencemaybesubstitutedforformaleducationProficiencyinoneormoreobjectorientedlanguagese.g.,CorJava,andoneormorescriptinglanguagese.g.,Unixshell,PERL,JavascriptknowledgeandexperiencewithOOADprinciplesandmethodologiese.g.,UMLandOSconceptsDemonstratedabilitytoreasonaboutproductqualitywhileproducingsoftwarerequirementsforfeatures,requirementsforsystemqualitiesincludingperformanceandsecurity,productdesign,softwaredesign,estimates,algorithms,sourcecode,testplans,unittestharnesses,softwareandsystemperformancedata,softwareproductinformationandbugfixesStrongfoundationanddisciplineinsoftwareengineeringprocessexperiencewithplanningandprioritizationofdesignanddevelopmentactivitiestoresolveawiderangeofissuesProficiencyinWindows,JavaandorUnixprogrammingrequiredStrongworkingknowledgeofnetworkinganddatacommunicationsisaplusKnowledgeofConfigurationManagementtoolsandconceptsKnowledgeandexperiencewithInternettechnologiese.g.,HTML,XML,TCPIPhighlydesiredKnowledgeandexperiencewithrelationaldatabasetechnologiesSQL,schemadesignhighlydesiredKnowledgeofmoreadvancedprogrammingenvironmentsandconceptshighlydesirede.g.,J2EE,multithreadedprogramming,OSinternals,networkappliancesExperienceimplementing,unittesting,debuggingandintegratingcodeofmoderatecomplexityKnowledgeofSWEngineeringProcessandConfigurationManagementtoolsProficiencywithsoftwaredevelopmentprojectestimationagreedtolerances,engineeringtools,andconceptsDemonstratedabilitytocontributeconstructivelytothereviewofrecentprojectactivityandworkingpracticesEngineerswithaSecurityfocuswillalsohave2yearsexperienceapplyingtechnicalknowledgeinoneormoreofthefollowingareascomputerandnetworksecuritytheory,informationsecurityengineering,authenticationandaccesscontrolsystems,securesoftwaredevelopmentmethodology,penetrationtesting,appliedcryptography,technicalsecuritystandards,policies,andmanagementframeworks工作地址南京市江宁经济技术开发区苏源大道19号江宁九龙湖国际企业总部园内C3号楼查看职位地图
是否失效: 否
[2018-02-08 15:12:59,261][12172][log.py][line: 43][INFO] ## ORA-01704: 字符串文字太长
[2018-02-08 15:12:59,262][12172][log.py][line: 47][INFO] ## err data:
网址: http://jobs.zhaopin.com/663551520250391.htm
工作名称: Staff Software Engineer
公司名称: 思杰系统信息技术(北京)有限公司上海分公司
公司网址: http://company.zhaopin.com/CC663551520.htm
福利: 五险一金弹性工作补充医疗保险免费班车
月工资: 20001-30000元/月
发布日期: 2018-02-08 10:59:33
经验: 不限
人数: 1人
工作地点: 南京-江宁区
工作性质: 全职
最低学历: 本科
职位类别: 高级软件工程师
公司规模: 1000-9999人
公司性质: 外商独资
公司行业: 计算机软件
职位描述: Theresponsibilitiesofthisrolearevaried,includingToworkonorleadafeatureteamtodrivertheprojejctRequirements,Design,Developing,AutomationTest,MaintainingandSupportingoneormorekeycomponentsoftheXenServerproductsoftware,withcloselyworkswithcoreteaminCambridgeUK,andIndiaetc.TechnicalresearchdeeplyintooneormoreproductareasindividuallyorbyleadingateamtodemonstratetheleadershiptoinfluencetheproductthroughfromtheArchitecture,Design,Developmentetc.tofinaldelivery.Workingwithcustomersorpartnerscloselytounderstandtherequirementsandcustomerusercases,beabletoprototypetodiscusswithcustomersfortechnicalrequirements.ExecutingoffulllifecycledevelopmentoftheXenServerproductrelevanttotheChinamarketWorkingonautomationtestingdevelopmentbasedontheworldclassautomationplatformframeworkwhichisthefoundationoftheunifiedengineeringWorkingwiththeChinaSalesTeamtorepresentingCitrixXenServerwithinternalandexternalcustomers,andpartners.WorkingcloselywithChinaSupportEscalationtoassistinhandlinghighprofilecustomerissuesContributingtoanddrivingimprovementofthesupportabilityofXenServercreating,writingandmodifyingourXenServersoftwareandtoolsWorkingwithotherEngineeringteamsonfixingcriticaldefectsinthecoreXenServerproductse.g.Cambridgecoreteam,localandremotesupportteamsetc.Creatingpatches,privatebuildsandhotfixestomeetcustomerneedsandlifecyclemaintenanceobjectivesDrivingtechnicalknowledgeandexpertisesharingfromDevelopmenttoSupportEscalationAsaspecialistinmultipleareas,responsiblyplans,prioritizes,organizesandperformstechnicalworkandensurestheintegrityofsignificantanddiverseprojectsapplyingawiderangeofexperienceandunderstandingoftrendsandtechnologies,leadstheanalysisandconceptualdesignandtechnicaldirectionofproposedprojects,utilizingprofessionalexperienceandseasonedjudgmentinthedevelopmentofspecifications,designparameters,andalternativesolutionsprovidesguidancetoothersintheimplementationofprojectplansLeadsanddirectsrequirementsanalysis,andwritingofsoftwarerequirementsanddesignspecificationsformultiplesignificantsoftwaremodulesoftenactsasatechnicalleadworkingoncomplexprojectsandissueswhereanalysisofsituationsordatarequiresbothbroadandindepthevaluationofvariablefactorsprovidesadviceandinputindeterminingfeasibilityofproposedprojectsandtheoverallplanforimplementationReviewsprogressandevaluatesresultsofmultipletechnicalprojectsandprocessesagainstconformancetoplansandspecificationsandpreparesmanagementreportsparticipatesindefiningmodificationstodesignanddevelopmentactivitieswhichwillimprovefutureresultspreparesstatus,technical,andmanagementreportsEstablishesandmaintainsthoroughandaccuratedocumentationofallworkoverseestechnicalspecificationdocumentationandleadsreviewsProvidestechnicaldirectionandleadershiptoagrouporprojectteamleadsscrumprojectteammembersinprioritizingandresolvingissuesandimprovingproductivityandvelocitytoimprovefutureresultsmentorsandmotivatesteammemberstoachieveandexceedprojectgoalsthroughinnovationandproductivityimprovementsProactivelynetworkswithkeycontactsoutsideownareaofexpertiseandotherdepartmentsProducts,Marketing,Research,Opsontechnicalmattersandprototypedesignsandmayworkcloselywithvendorsorcustomersontechnicalinformationormodificationsrelatedtodesign,development,andresearchprojectsmayserveasthecompanystechnicalrepresentativewithvendorsorpartnersEssentialskills,experienceandqualificationsYoushouldbeanexpertwithLinuxorWindows,withdeepknowledgeinHypervisor,Network,StorageandCloudetc.ITtechnologies.youshouldbecomfortabledevelopingfeatures,makingimprovementsandresolvingissues,developingautomationtestingortacklingcode,atavarietyoflevelsinITorcommunicationsystemsgenerally.YouwillhaveexperienceandknowledgeofsomeorallofthefollowingBachelorsdegreeorhigherwith10yearsITrelatedRDexperience,preferablyinsoftwareengineering,computerscienceorthephysicalsciences.Strongcandidateswithotherapplicabledegreesubjectswillalsobeconsidered.SignificantexperienceofprofessionalsoftwaredevelopmentinLinuxorWindowsbasedC,Ocaml,C,C,Python,Golang,RustandScripte.g.Bash,Makefileetc.ExperienceofLinuxorWindowsplatformsatsystemkernelandoperatingsystemlevelLinuxorWindowsApplication,Kernel,Makefile,ShellorDriversDevelopmentDebugServervirtualizationingeneral,andXen,QEMU,KVMorXenServerinparticularKnowledgeaboutServerVirtualization,Storage,NetworkVirtualization,Xen,QEMU,KVM,Security,Containerse.g.DockerandCloudtechnologiesetc.KnowledgeaboutITsecurityStrongdebuggingskillssoftwarelabexperienceAgoodunderstandingofContinuesIntegrationandAutomationTestingAgoodunderstandingofsoftwareengineeringandAgileScrumdevelopmentpracticesGoodEnglishreadingwritingskills,andcommunicationskillsSolidtechnicalunderstandingofITinfrastructureandsystems,includinggroundinginnetworkingandstoragefundamentalsConcurrentdistributedprogrammingexperienceorserverside,backendsystemprogrammingexperienceetc.GoodgroundingintheprinciplesofsoftwarearchitectureGoodunderstandingorcodereview,softwarequality,developmenttesting,unittestingetc.工作地址南京市江宁经济技术开发区苏源大道19号江宁九龙湖国际企业总部园内C3号楼查看职位地图
是否失效: 否
[2018-02-08 15:13:00,391][12172][log.py][line: 43][INFO] ## 'gbk' codec can't encode character '\uf0b2' in position 183: illegal multibyte sequence
